#
# A fatal error has been detected by the Java Runtime Environment:
#
#  EXCEPTION_ACCESS_VIOLATION (0xc0000005) at pc=0x00007ffdb150e782, pid=18796, tid=31608
#
# JRE version: OpenJDK Runtime Environment Corretto-11.0.20.9.1 (11.0.20.1+9) (build 11.0.20.1+9-LTS)
# Java VM: OpenJDK 64-Bit Server VM Corretto-11.0.20.9.1 (11.0.20.1+9-LTS, mixed mode, tiered, compressed oops, g1 gc, windows-amd64)
# Problematic frame:
# C  [jniRaylib.dll+0xde782]
#
# No core dump will be written. Minidumps are not enabled by default on client versions of Windows
#
# If you would like to submit a bug report, please visit:
#   https://github.com/corretto/corretto-11/issues/
# The crash happened outside the Java Virtual Machine in native code.
# See problematic frame for where to report the bug.
#

---------------  S U M M A R Y ------------

Command Line: -Dfile.encoding=windows-1252 -Duser.country=CA -Duser.language=en -Duser.variant Main

Host: 13th Gen Intel(R) Core(TM) i5-1340P, 16 cores, 15G,  Windows 11 , 64 bit Build 22621 (10.0.22621.2428)
Time: Sat Dec 23 21:51:43 2023 Atlantic Standard Time elapsed time: 1.042056 seconds (0d 0h 0m 1s)

---------------  T H R E A D  ---------------

Current thread (0x00000197e8166800):  JavaThread "main" [_thread_in_native, id=31608, stack(0x00000082aa000000,0x00000082aa100000)]

Stack: [0x00000082aa000000,0x00000082aa100000],  sp=0x00000082aa0fef80,  free space=1019k
Native frames: (J=compiled Java code, j=interpreted, Vv=VM code, C=native code)
C  [jniRaylib.dll+0xde782]

Java frames: (J=compiled Java code, j=interpreted, Vv=VM code)
j  com.raylib.Raylib.DrawCircle(IIFLcom/raylib/Raylib$Color;)V+0
j  Player.<init>()V+48
j  Main.main([Ljava/lang/String;)V+30
v  ~StubRoutines::call_stub

siginfo: EXCEPTION_ACCESS_VIOLATION (0xc0000005), reading address 0x0000000000000018


Register to memory mapping:

RIP=0x00007ffdb150e782 jniRaylib.dll
RAX=0x0000000040800000 is an unknown value
RBX=0x0000000000000001 is an unknown value
RCX=0x0000000000000001 is an unknown value
RDX=0x0 is NULL
RSP=0x00000082aa0fef80 is pointing into the stack for thread: 0x00000197e8166800
RBP=0x0000000000000064 is an unknown value
RSI=0x000001978f6e0880 points into unknown readable memory: 0x00000000ff3729e6 | e6 29 37 ff 00 00 00 00
RDI=0x0000000000000024 is an unknown value
R8 =0x0 is NULL
R9 =0x00000000ff3729e6 is an unknown value
R10=0x0000000000000010 is an unknown value
R11=0x00007ffd7d78b82c jvm.dll
R12=0x0 is NULL
R13=0x000001978cd16170 is pointing into metadata
R14=0x0000000000000064 is an unknown value
R15=0x00000197e8166800 is a thread


Registers:
RAX=0x0000000040800000, RBX=0x0000000000000001, RCX=0x0000000000000001, RDX=0x0000000000000000
RSP=0x00000082aa0fef80, RBP=0x0000000000000064, RSI=0x000001978f6e0880, RDI=0x0000000000000024
R8 =0x0000000000000000, R9 =0x00000000ff3729e6, R10=0x0000000000000010, R11=0x00007ffd7d78b82c
R12=0x0000000000000000, R13=0x000001978cd16170, R14=0x0000000000000064, R15=0x00000197e8166800
RIP=0x00007ffdb150e782, EFLAGS=0x0000000000010202

Top of Stack: (sp=0x00000082aa0fef80)
0x00000082aa0fef80:   0000000000000000 0000000000000000
0x00000082aa0fef90:   000001978d25ba00 0000000000000000
0x00000082aa0fefa0:   0000000000000004 00007ffdb1512f93
0x00000082aa0fefb0:   0000000040800000 00007ffd7d2b4400
0x00000082aa0fefc0:   0000000000000000 0000000000000000
0x00000082aa0fefd0:   42c8000042c80000 00000197e8166800
0x00000082aa0fefe0:   0000000000000000 0000000000000000
0x00000082aa0feff0:   0000000000000000 0000000000000000
0x00000082aa0ff000:   0000000000000000 0000000000000000
0x00000082aa0ff010:   000001978cd16178 00000197e8166800
0x00000082aa0ff020:   0000000000000000 0000000000000000
0x00000082aa0ff030:   0000000000000000 0000000000000000
0x00000082aa0ff040:   0000000000000000 0000000000000000
0x00000082aa0ff050:   0000000000000000 0000000000000000
0x00000082aa0ff060:   0000000000000000 0000000000000000
0x00000082aa0ff070:   00000197e8166800 0000000000000064 

Instructions: (pc=0x00007ffdb150e782)
0x00007ffdb150e682:   0f 11 0d 0b 45 11 00 0f 10 49 30 0f 11 05 10 45
0x00007ffdb150e692:   11 00 0f 10 02 0f 11 0d 16 45 11 00 0f 10 4a 10
0x00007ffdb150e6a2:   0f 11 05 1b 45 11 00 0f 10 42 20 0f 11 0d 20 45
0x00007ffdb150e6b2:   11 00 0f 10 4a 30 0f 11 05 25 45 11 00 0f 11 0d
0x00007ffdb150e6c2:   2e 45 11 00 c3 cc cc cc cc cc cc cc cc cc 40 53
0x00007ffdb150e6d2:   48 83 ec 20 48 8b d9 48 8b 0d d0 3a 11 00 e8 7b
0x00007ffdb150e6e2:   b6 ff ff 48 85 db 48 8d 05 c9 3a 11 00 48 0f 45
0x00007ffdb150e6f2:   c3 48 89 05 b6 3a 11 00 48 83 c4 20 5b c3 48 89
0x00007ffdb150e702:   5c 24 08 57 48 83 ec 20 39 0d e0 43 11 00 48 8b
0x00007ffdb150e712:   fa 8b d9 74 19 48 8b 0d 92 3a 11 00 e8 3d b6 ff
0x00007ffdb150e722:   ff 89 1d c7 43 11 00 48 89 3d c8 43 11 00 48 8b
0x00007ffdb150e732:   5c 24 30 48 83 c4 20 5f c3 cc cc cc cc cc 40 53
0x00007ffdb150e742:   48 83 ec 20 8b d9 85 c9 75 2f 48 8b 0d 5d 3a 11
0x00007ffdb150e752:   00 48 63 51 04 48 8b 41 08 48 c1 e2 06 8b 14 02
0x00007ffdb150e762:   c1 e2 02 39 15 6d 3a 11 00 0f 8c 09 01 00 00 48
0x00007ffdb150e772:   83 c4 20 5b e9 e5 b5 ff ff 48 8b 15 2e 3a 11 00
0x00007ffdb150e782:   4c 63 42 18 49 c1 e0 04 4c 03 42 10 41 39 58 fc
0x00007ffdb150e792:   0f 84 e2 00 00 00 41 8b 40 f4 85 c0 0f 8e 95 00
0x00007ffdb150e7a2:   00 00 41 8b 48 f0 83 f9 01 75 19 8b c8 81 e1 03
0x00007ffdb150e7b2:   00 00 80 7d 07 ff c9 83 c9 fc ff c1 83 f8 04 0f
0x00007ffdb150e7c2:   4d c1 eb 2a 83 f9 04 75 23 3b c1 7d 05 8d 41 fd
0x00007ffdb150e7d2:   eb 1c 8b c8 81 e1 03 00 00 80 7d 07 ff c9 83 c9
0x00007ffdb150e7e2:   fc ff c1 b8 04 00 00 00 2b c1 eb 02 33 c0 41 89
0x00007ffdb150e7f2:   40 f8 48 8b 05 b5 39 11 00 48 63 48 18 48 8b 40
0x00007ffdb150e802:   10 48 03 c9 8b 4c c8 f8 e8 f1 af ff ff 48 8b 15
0x00007ffdb150e812:   9a 39 11 00 84 c0 75 1f 48 63 4a 18 48 8b 42 10
0x00007ffdb150e822:   48 03 c9 8b 4c c8 f8 01 0d a9 39 11 00 ff 42 18
0x00007ffdb150e832:   48 8b 15 77 39 11 00 81 7a 18 00 01 00 00 7c 0f
0x00007ffdb150e842:   48 8b ca e8 16 b5 ff ff 48 8b 15 5f 39 11 00 48
0x00007ffdb150e852:   63 4a 18 48 8b 42 10 48 03 c9 89 5c c8 fc 48 8b
0x00007ffdb150e862:   05 49 39 11 00 48 63 48 18 48 8b 40 10 48 03 c9
0x00007ffdb150e872:   c7 44 c8 f4 00 00 00 00 48 83 c4 20 5b c3 41 83 


Stack slot to memory mapping:
stack at sp + 0 slots: 0x0 is NULL
stack at sp + 1 slots: 0x0 is NULL
stack at sp + 2 slots: 0x000001978d25ba00 points into unknown readable memory: 0x746e696f50746e49 | 49 6e 74 50 6f 69 6e 74
stack at sp + 3 slots: 0x0 is NULL
stack at sp + 4 slots: 0x0000000000000004 is an unknown value
stack at sp + 5 slots: 0x00007ffdb1512f93 jniRaylib.dll
stack at sp + 6 slots: 0x0000000040800000 is an unknown value
stack at sp + 7 slots: 0x00007ffd7d2b4400 jvm.dll


---------------  P R O C E S S  ---------------

Threads class SMR info:
_java_thread_list=0x0000019790828a90, length=18, elements={
0x00000197e8166800, 0x000001978d18b800, 0x000001978d185800, 0x000001978d1dc000,
0x000001978d1de000, 0x000001978d1df800, 0x000001978d1e2800, 0x000001978d1e3800,
0x000001978d1e5000, 0x000001978d351000, 0x000001978d356800, 0x000001978d377000,
0x000001978d635800, 0x000001978d5fa800, 0x000001978e0d5000, 0x000001978d67e000,
0x000001978e728000, 0x000001978f946000
}

Java Threads: ( => current thread )
=>0x00000197e8166800 JavaThread "main" [_thread_in_native, id=31608, stack(0x00000082aa000000,0x00000082aa100000)]
  0x000001978d18b800 JavaThread "Reference Handler" daemon [_thread_blocked, id=7128, stack(0x00000082aa700000,0x00000082aa800000)]
  0x000001978d185800 JavaThread "Finalizer" daemon [_thread_blocked, id=16904, stack(0x00000082aa800000,0x00000082aa900000)]
  0x000001978d1dc000 JavaThread "Signal Dispatcher" daemon [_thread_blocked, id=10352, stack(0x00000082aa900000,0x00000082aaa00000)]
  0x000001978d1de000 JavaThread "Attach Listener" daemon [_thread_blocked, id=26384, stack(0x00000082aaa00000,0x00000082aab00000)]
  0x000001978d1df800 JavaThread "Service Thread" daemon [_thread_blocked, id=32316, stack(0x00000082aab00000,0x00000082aac00000)]
  0x000001978d1e2800 JavaThread "C2 CompilerThread0" daemon [_thread_in_native, id=33400, stack(0x00000082aac00000,0x00000082aad00000)]
  0x000001978d1e3800 JavaThread "C1 CompilerThread0" daemon [_thread_blocked, id=4112, stack(0x00000082aad00000,0x00000082aae00000)]
  0x000001978d1e5000 JavaThread "Sweeper thread" daemon [_thread_blocked, id=28660, stack(0x00000082aae00000,0x00000082aaf00000)]
  0x000001978d351000 JavaThread "C1 CompilerThread1" daemon [_thread_blocked, id=19600, stack(0x00000082aaf00000,0x00000082ab000000)]
  0x000001978d356800 JavaThread "C1 CompilerThread2" daemon [_thread_blocked, id=32784, stack(0x00000082ab000000,0x00000082ab100000)]
  0x000001978d377000 JavaThread "Common-Cleaner" daemon [_thread_blocked, id=33260, stack(0x00000082ab200000,0x00000082ab300000)]
  0x000001978d635800 JavaThread "C2 CompilerThread1" daemon [_thread_blocked, id=22040, stack(0x00000082ab300000,0x00000082ab400000)]
  0x000001978d5fa800 JavaThread "C2 CompilerThread2" daemon [_thread_blocked, id=25448, stack(0x00000082ab400000,0x00000082ab500000)]
  0x000001978e0d5000 JavaThread "C2 CompilerThread3" daemon [_thread_in_native, id=18496, stack(0x00000082ab500000,0x00000082ab600000)]
  0x000001978d67e000 JavaThread "C2 CompilerThread4" daemon [_thread_blocked, id=25060, stack(0x00000082ab600000,0x00000082ab700000)]
  0x000001978e728000 JavaThread "C2 CompilerThread5" daemon [_thread_in_native, id=7784, stack(0x00000082ab700000,0x00000082ab800000)]
  0x000001978f946000 JavaThread "JavaCPP Deallocator" daemon [_thread_blocked, id=28424, stack(0x00000082abd00000,0x00000082abe00000)]

Other Threads:
  0x000001978d17a000 VMThread "VM Thread" [stack: 0x00000082aa600000,0x00000082aa700000] [id=24964]
  0x000001978d36f000 WatcherThread [stack: 0x00000082ab100000,0x00000082ab200000] [id=13896]
  0x00000197e8180800 GCTaskThread "GC Thread#0" [stack: 0x00000082aa100000,0x00000082aa200000] [id=2512]
  0x000001979059f000 GCTaskThread "GC Thread#1" [stack: 0x00000082ab800000,0x00000082ab900000] [id=18484]
  0x000001979011e000 GCTaskThread "GC Thread#2" [stack: 0x00000082ab900000,0x00000082aba00000] [id=17700]
  0x00000197909bc800 GCTaskThread "GC Thread#3" [stack: 0x00000082aba00000,0x00000082abb00000] [id=10208]
  0x00000197905ab800 GCTaskThread "GC Thread#4" [stack: 0x00000082abb00000,0x00000082abc00000] [id=20224]
  0x000001978f525800 GCTaskThread "GC Thread#5" [stack: 0x00000082abc00000,0x00000082abd00000] [id=7712]
  0x00000197e81dd800 ConcurrentGCThread "G1 Main Marker" [stack: 0x00000082aa200000,0x00000082aa300000] [id=28516]
  0x00000197e81df000 ConcurrentGCThread "G1 Conc#0" [stack: 0x00000082aa300000,0x00000082aa400000] [id=1240]
  0x000001978c7ba800 ConcurrentGCThread "G1 Refine#0" [stack: 0x00000082aa400000,0x00000082aa500000] [id=19504]
  0x000001978c7bb800 ConcurrentGCThread "G1 Young RemSet Sampling" [stack: 0x00000082aa500000,0x00000082aa600000] [id=12540]

Threads with active compile tasks:
C2 CompilerThread0     1139  580       4       java.lang.CompoundEnumeration::next (58 bytes)
C2 CompilerThread3     1139  578       4       java.lang.ClassLoader::getResources (55 bytes)
C2 CompilerThread5     1139  579       4       java.lang.CompoundEnumeration::hasMoreElements (5 bytes)

VM state:not at safepoint (normal execution)

VM Mutex/Monitor currently owned by a thread: None

Heap address: 0x0000000704e00000, size: 4018 MB, Compressed Oops mode: Zero based, Oop shift amount: 3
Narrow klass base: 0x0000000800000000, Narrow klass shift: 0
Compressed class space size: 1073741824 Address: 0x0000000800000000

Heap:
 garbage-first heap   total 258048K, used 4054K [0x0000000704e00000, 0x0000000800000000)
  region size 1024K, 5 young (5120K), 1 survivors (1024K)
 Metaspace       used 8544K, capacity 8652K, committed 8832K, reserved 1056768K
  class space    used 716K, capacity 775K, committed 896K, reserved 1048576K
Heap Regions: E=young(eden), S=young(survivor), O=old, HS=humongous(starts), HC=humongous(continues), CS=collection set, F=free, A=archive, TAMS=top-at-mark-start (previous, next)
|   0|0x0000000704e00000, 0x0000000704e00000, 0x0000000704f00000|  0%| F|  |TAMS 0x0000000704e00000, 0x0000000704e00000| Untracked 
|   1|0x0000000704f00000, 0x0000000704f00000, 0x0000000705000000|  0%| F|  |TAMS 0x0000000704f00000, 0x0000000704f00000| Untracked 
|   2|0x0000000705000000, 0x0000000705000000, 0x0000000705100000|  0%| F|  |TAMS 0x0000000705000000, 0x0000000705000000| Untracked 
|   3|0x0000000705100000, 0x0000000705100000, 0x0000000705200000|  0%| F|  |TAMS 0x0000000705100000, 0x0000000705100000| Untracked 
|   4|0x0000000705200000, 0x0000000705200000, 0x0000000705300000|  0%| F|  |TAMS 0x0000000705200000, 0x0000000705200000| Untracked 
|   5|0x0000000705300000, 0x0000000705300000, 0x0000000705400000|  0%| F|  |TAMS 0x0000000705300000, 0x0000000705300000| Untracked 
|   6|0x0000000705400000, 0x0000000705400000, 0x0000000705500000|  0%| F|  |TAMS 0x0000000705400000, 0x0000000705400000| Untracked 
|   7|0x0000000705500000, 0x0000000705500000, 0x0000000705600000|  0%| F|  |TAMS 0x0000000705500000, 0x0000000705500000| Untracked 
|   8|0x0000000705600000, 0x0000000705600000, 0x0000000705700000|  0%| F|  |TAMS 0x0000000705600000, 0x0000000705600000| Untracked 
|   9|0x0000000705700000, 0x0000000705700000, 0x0000000705800000|  0%| F|  |TAMS 0x0000000705700000, 0x0000000705700000| Untracked 
|  10|0x0000000705800000, 0x0000000705800000, 0x0000000705900000|  0%| F|  |TAMS 0x0000000705800000, 0x0000000705800000| Untracked 
|  11|0x0000000705900000, 0x0000000705900000, 0x0000000705a00000|  0%| F|  |TAMS 0x0000000705900000, 0x0000000705900000| Untracked 
|  12|0x0000000705a00000, 0x0000000705a00000, 0x0000000705b00000|  0%| F|  |TAMS 0x0000000705a00000, 0x0000000705a00000| Untracked 
|  13|0x0000000705b00000, 0x0000000705b00000, 0x0000000705c00000|  0%| F|  |TAMS 0x0000000705b00000, 0x0000000705b00000| Untracked 
|  14|0x0000000705c00000, 0x0000000705c00000, 0x0000000705d00000|  0%| F|  |TAMS 0x0000000705c00000, 0x0000000705c00000| Untracked 
|  15|0x0000000705d00000, 0x0000000705d00000, 0x0000000705e00000|  0%| F|  |TAMS 0x0000000705d00000, 0x0000000705d00000| Untracked 
|  16|0x0000000705e00000, 0x0000000705e00000, 0x0000000705f00000|  0%| F|  |TAMS 0x0000000705e00000, 0x0000000705e00000| Untracked 
|  17|0x0000000705f00000, 0x0000000705f00000, 0x0000000706000000|  0%| F|  |TAMS 0x0000000705f00000, 0x0000000705f00000| Untracked 
|  18|0x0000000706000000, 0x0000000706000000, 0x0000000706100000|  0%| F|  |TAMS 0x0000000706000000, 0x0000000706000000| Untracked 
|  19|0x0000000706100000, 0x0000000706100000, 0x0000000706200000|  0%| F|  |TAMS 0x0000000706100000, 0x0000000706100000| Untracked 
|  20|0x0000000706200000, 0x0000000706200000, 0x0000000706300000|  0%| F|  |TAMS 0x0000000706200000, 0x0000000706200000| Untracked 
|  21|0x0000000706300000, 0x0000000706300000, 0x0000000706400000|  0%| F|  |TAMS 0x0000000706300000, 0x0000000706300000| Untracked 
|  22|0x0000000706400000, 0x0000000706400000, 0x0000000706500000|  0%| F|  |TAMS 0x0000000706400000, 0x0000000706400000| Untracked 
|  23|0x0000000706500000, 0x0000000706500000, 0x0000000706600000|  0%| F|  |TAMS 0x0000000706500000, 0x0000000706500000| Untracked 
|  24|0x0000000706600000, 0x0000000706600000, 0x0000000706700000|  0%| F|  |TAMS 0x0000000706600000, 0x0000000706600000| Untracked 
|  25|0x0000000706700000, 0x0000000706700000, 0x0000000706800000|  0%| F|  |TAMS 0x0000000706700000, 0x0000000706700000| Untracked 
|  26|0x0000000706800000, 0x0000000706800000, 0x0000000706900000|  0%| F|  |TAMS 0x0000000706800000, 0x0000000706800000| Untracked 
|  27|0x0000000706900000, 0x0000000706900000, 0x0000000706a00000|  0%| F|  |TAMS 0x0000000706900000, 0x0000000706900000| Untracked 
|  28|0x0000000706a00000, 0x0000000706a00000, 0x0000000706b00000|  0%| F|  |TAMS 0x0000000706a00000, 0x0000000706a00000| Untracked 
|  29|0x0000000706b00000, 0x0000000706b00000, 0x0000000706c00000|  0%| F|  |TAMS 0x0000000706b00000, 0x0000000706b00000| Untracked 
|  30|0x0000000706c00000, 0x0000000706c00000, 0x0000000706d00000|  0%| F|  |TAMS 0x0000000706c00000, 0x0000000706c00000| Untracked 
|  31|0x0000000706d00000, 0x0000000706d00000, 0x0000000706e00000|  0%| F|  |TAMS 0x0000000706d00000, 0x0000000706d00000| Untracked 
|  32|0x0000000706e00000, 0x0000000706e00000, 0x0000000706f00000|  0%| F|  |TAMS 0x0000000706e00000, 0x0000000706e00000| Untracked 
|  33|0x0000000706f00000, 0x0000000706f00000, 0x0000000707000000|  0%| F|  |TAMS 0x0000000706f00000, 0x0000000706f00000| Untracked 
|  34|0x0000000707000000, 0x0000000707000000, 0x0000000707100000|  0%| F|  |TAMS 0x0000000707000000, 0x0000000707000000| Untracked 
|  35|0x0000000707100000, 0x0000000707100000, 0x0000000707200000|  0%| F|  |TAMS 0x0000000707100000, 0x0000000707100000| Untracked 
|  36|0x0000000707200000, 0x0000000707200000, 0x0000000707300000|  0%| F|  |TAMS 0x0000000707200000, 0x0000000707200000| Untracked 
|  37|0x0000000707300000, 0x0000000707300000, 0x0000000707400000|  0%| F|  |TAMS 0x0000000707300000, 0x0000000707300000| Untracked 
|  38|0x0000000707400000, 0x0000000707400000, 0x0000000707500000|  0%| F|  |TAMS 0x0000000707400000, 0x0000000707400000| Untracked 
|  39|0x0000000707500000, 0x0000000707500000, 0x0000000707600000|  0%| F|  |TAMS 0x0000000707500000, 0x0000000707500000| Untracked 
|  40|0x0000000707600000, 0x0000000707600000, 0x0000000707700000|  0%| F|  |TAMS 0x0000000707600000, 0x0000000707600000| Untracked 
|  41|0x0000000707700000, 0x0000000707700000, 0x0000000707800000|  0%| F|  |TAMS 0x0000000707700000, 0x0000000707700000| Untracked 
|  42|0x0000000707800000, 0x0000000707800000, 0x0000000707900000|  0%| F|  |TAMS 0x0000000707800000, 0x0000000707800000| Untracked 
|  43|0x0000000707900000, 0x0000000707900000, 0x0000000707a00000|  0%| F|  |TAMS 0x0000000707900000, 0x0000000707900000| Untracked 
|  44|0x0000000707a00000, 0x0000000707a00000, 0x0000000707b00000|  0%| F|  |TAMS 0x0000000707a00000, 0x0000000707a00000| Untracked 
|  45|0x0000000707b00000, 0x0000000707b00000, 0x0000000707c00000|  0%| F|  |TAMS 0x0000000707b00000, 0x0000000707b00000| Untracked 
|  46|0x0000000707c00000, 0x0000000707c00000, 0x0000000707d00000|  0%| F|  |TAMS 0x0000000707c00000, 0x0000000707c00000| Untracked 
|  47|0x0000000707d00000, 0x0000000707d00000, 0x0000000707e00000|  0%| F|  |TAMS 0x0000000707d00000, 0x0000000707d00000| Untracked 
|  48|0x0000000707e00000, 0x0000000707e00000, 0x0000000707f00000|  0%| F|  |TAMS 0x0000000707e00000, 0x0000000707e00000| Untracked 
|  49|0x0000000707f00000, 0x0000000707f00000, 0x0000000708000000|  0%| F|  |TAMS 0x0000000707f00000, 0x0000000707f00000| Untracked 
|  50|0x0000000708000000, 0x0000000708000000, 0x0000000708100000|  0%| F|  |TAMS 0x0000000708000000, 0x0000000708000000| Untracked 
|  51|0x0000000708100000, 0x0000000708100000, 0x0000000708200000|  0%| F|  |TAMS 0x0000000708100000, 0x0000000708100000| Untracked 
|  52|0x0000000708200000, 0x0000000708200000, 0x0000000708300000|  0%| F|  |TAMS 0x0000000708200000, 0x0000000708200000| Untracked 
|  53|0x0000000708300000, 0x0000000708300000, 0x0000000708400000|  0%| F|  |TAMS 0x0000000708300000, 0x0000000708300000| Untracked 
|  54|0x0000000708400000, 0x0000000708400000, 0x0000000708500000|  0%| F|  |TAMS 0x0000000708400000, 0x0000000708400000| Untracked 
|  55|0x0000000708500000, 0x0000000708500000, 0x0000000708600000|  0%| F|  |TAMS 0x0000000708500000, 0x0000000708500000| Untracked 
|  56|0x0000000708600000, 0x0000000708600000, 0x0000000708700000|  0%| F|  |TAMS 0x0000000708600000, 0x0000000708600000| Untracked 
|  57|0x0000000708700000, 0x0000000708700000, 0x0000000708800000|  0%| F|  |TAMS 0x0000000708700000, 0x0000000708700000| Untracked 
|  58|0x0000000708800000, 0x0000000708800000, 0x0000000708900000|  0%| F|  |TAMS 0x0000000708800000, 0x0000000708800000| Untracked 
|  59|0x0000000708900000, 0x0000000708900000, 0x0000000708a00000|  0%| F|  |TAMS 0x0000000708900000, 0x0000000708900000| Untracked 
|  60|0x0000000708a00000, 0x0000000708a00000, 0x0000000708b00000|  0%| F|  |TAMS 0x0000000708a00000, 0x0000000708a00000| Untracked 
|  61|0x0000000708b00000, 0x0000000708b00000, 0x0000000708c00000|  0%| F|  |TAMS 0x0000000708b00000, 0x0000000708b00000| Untracked 
|  62|0x0000000708c00000, 0x0000000708c00000, 0x0000000708d00000|  0%| F|  |TAMS 0x0000000708c00000, 0x0000000708c00000| Untracked 
|  63|0x0000000708d00000, 0x0000000708d00000, 0x0000000708e00000|  0%| F|  |TAMS 0x0000000708d00000, 0x0000000708d00000| Untracked 
|  64|0x0000000708e00000, 0x0000000708e00000, 0x0000000708f00000|  0%| F|  |TAMS 0x0000000708e00000, 0x0000000708e00000| Untracked 
|  65|0x0000000708f00000, 0x0000000708f00000, 0x0000000709000000|  0%| F|  |TAMS 0x0000000708f00000, 0x0000000708f00000| Untracked 
|  66|0x0000000709000000, 0x0000000709000000, 0x0000000709100000|  0%| F|  |TAMS 0x0000000709000000, 0x0000000709000000| Untracked 
|  67|0x0000000709100000, 0x0000000709100000, 0x0000000709200000|  0%| F|  |TAMS 0x0000000709100000, 0x0000000709100000| Untracked 
|  68|0x0000000709200000, 0x0000000709200000, 0x0000000709300000|  0%| F|  |TAMS 0x0000000709200000, 0x0000000709200000| Untracked 
|  69|0x0000000709300000, 0x0000000709300000, 0x0000000709400000|  0%| F|  |TAMS 0x0000000709300000, 0x0000000709300000| Untracked 
|  70|0x0000000709400000, 0x0000000709400000, 0x0000000709500000|  0%| F|  |TAMS 0x0000000709400000, 0x0000000709400000| Untracked 
|  71|0x0000000709500000, 0x0000000709500000, 0x0000000709600000|  0%| F|  |TAMS 0x0000000709500000, 0x0000000709500000| Untracked 
|  72|0x0000000709600000, 0x0000000709600000, 0x0000000709700000|  0%| F|  |TAMS 0x0000000709600000, 0x0000000709600000| Untracked 
|  73|0x0000000709700000, 0x0000000709700000, 0x0000000709800000|  0%| F|  |TAMS 0x0000000709700000, 0x0000000709700000| Untracked 
|  74|0x0000000709800000, 0x0000000709800000, 0x0000000709900000|  0%| F|  |TAMS 0x0000000709800000, 0x0000000709800000| Untracked 
|  75|0x0000000709900000, 0x0000000709900000, 0x0000000709a00000|  0%| F|  |TAMS 0x0000000709900000, 0x0000000709900000| Untracked 
|  76|0x0000000709a00000, 0x0000000709a00000, 0x0000000709b00000|  0%| F|  |TAMS 0x0000000709a00000, 0x0000000709a00000| Untracked 
|  77|0x0000000709b00000, 0x0000000709b00000, 0x0000000709c00000|  0%| F|  |TAMS 0x0000000709b00000, 0x0000000709b00000| Untracked 
|  78|0x0000000709c00000, 0x0000000709c00000, 0x0000000709d00000|  0%| F|  |TAMS 0x0000000709c00000, 0x0000000709c00000| Untracked 
|  79|0x0000000709d00000, 0x0000000709d00000, 0x0000000709e00000|  0%| F|  |TAMS 0x0000000709d00000, 0x0000000709d00000| Untracked 
|  80|0x0000000709e00000, 0x0000000709e00000, 0x0000000709f00000|  0%| F|  |TAMS 0x0000000709e00000, 0x0000000709e00000| Untracked 
|  81|0x0000000709f00000, 0x0000000709f00000, 0x000000070a000000|  0%| F|  |TAMS 0x0000000709f00000, 0x0000000709f00000| Untracked 
|  82|0x000000070a000000, 0x000000070a000000, 0x000000070a100000|  0%| F|  |TAMS 0x000000070a000000, 0x000000070a000000| Untracked 
|  83|0x000000070a100000, 0x000000070a100000, 0x000000070a200000|  0%| F|  |TAMS 0x000000070a100000, 0x000000070a100000| Untracked 
|  84|0x000000070a200000, 0x000000070a200000, 0x000000070a300000|  0%| F|  |TAMS 0x000000070a200000, 0x000000070a200000| Untracked 
|  85|0x000000070a300000, 0x000000070a300000, 0x000000070a400000|  0%| F|  |TAMS 0x000000070a300000, 0x000000070a300000| Untracked 
|  86|0x000000070a400000, 0x000000070a400000, 0x000000070a500000|  0%| F|  |TAMS 0x000000070a400000, 0x000000070a400000| Untracked 
|  87|0x000000070a500000, 0x000000070a500000, 0x000000070a600000|  0%| F|  |TAMS 0x000000070a500000, 0x000000070a500000| Untracked 
|  88|0x000000070a600000, 0x000000070a600000, 0x000000070a700000|  0%| F|  |TAMS 0x000000070a600000, 0x000000070a600000| Untracked 
|  89|0x000000070a700000, 0x000000070a700000, 0x000000070a800000|  0%| F|  |TAMS 0x000000070a700000, 0x000000070a700000| Untracked 
|  90|0x000000070a800000, 0x000000070a800000, 0x000000070a900000|  0%| F|  |TAMS 0x000000070a800000, 0x000000070a800000| Untracked 
|  91|0x000000070a900000, 0x000000070a900000, 0x000000070aa00000|  0%| F|  |TAMS 0x000000070a900000, 0x000000070a900000| Untracked 
|  92|0x000000070aa00000, 0x000000070aa00000, 0x000000070ab00000|  0%| F|  |TAMS 0x000000070aa00000, 0x000000070aa00000| Untracked 
|  93|0x000000070ab00000, 0x000000070ab00000, 0x000000070ac00000|  0%| F|  |TAMS 0x000000070ab00000, 0x000000070ab00000| Untracked 
|  94|0x000000070ac00000, 0x000000070ac00000, 0x000000070ad00000|  0%| F|  |TAMS 0x000000070ac00000, 0x000000070ac00000| Untracked 
|  95|0x000000070ad00000, 0x000000070ad00000, 0x000000070ae00000|  0%| F|  |TAMS 0x000000070ad00000, 0x000000070ad00000| Untracked 
|  96|0x000000070ae00000, 0x000000070ae00000, 0x000000070af00000|  0%| F|  |TAMS 0x000000070ae00000, 0x000000070ae00000| Untracked 
|  97|0x000000070af00000, 0x000000070af00000, 0x000000070b000000|  0%| F|  |TAMS 0x000000070af00000, 0x000000070af00000| Untracked 
|  98|0x000000070b000000, 0x000000070b000000, 0x000000070b100000|  0%| F|  |TAMS 0x000000070b000000, 0x000000070b000000| Untracked 
|  99|0x000000070b100000, 0x000000070b100000, 0x000000070b200000|  0%| F|  |TAMS 0x000000070b100000, 0x000000070b100000| Untracked 
| 100|0x000000070b200000, 0x000000070b200000, 0x000000070b300000|  0%| F|  |TAMS 0x000000070b200000, 0x000000070b200000| Untracked 
| 101|0x000000070b300000, 0x000000070b300000, 0x000000070b400000|  0%| F|  |TAMS 0x000000070b300000, 0x000000070b300000| Untracked 
| 102|0x000000070b400000, 0x000000070b400000, 0x000000070b500000|  0%| F|  |TAMS 0x000000070b400000, 0x000000070b400000| Untracked 
| 103|0x000000070b500000, 0x000000070b500000, 0x000000070b600000|  0%| F|  |TAMS 0x000000070b500000, 0x000000070b500000| Untracked 
| 104|0x000000070b600000, 0x000000070b600000, 0x000000070b700000|  0%| F|  |TAMS 0x000000070b600000, 0x000000070b600000| Untracked 
| 105|0x000000070b700000, 0x000000070b700000, 0x000000070b800000|  0%| F|  |TAMS 0x000000070b700000, 0x000000070b700000| Untracked 
| 106|0x000000070b800000, 0x000000070b800000, 0x000000070b900000|  0%| F|  |TAMS 0x000000070b800000, 0x000000070b800000| Untracked 
| 107|0x000000070b900000, 0x000000070b900000, 0x000000070ba00000|  0%| F|  |TAMS 0x000000070b900000, 0x000000070b900000| Untracked 
| 108|0x000000070ba00000, 0x000000070ba00000, 0x000000070bb00000|  0%| F|  |TAMS 0x000000070ba00000, 0x000000070ba00000| Untracked 
| 109|0x000000070bb00000, 0x000000070bb00000, 0x000000070bc00000|  0%| F|  |TAMS 0x000000070bb00000, 0x000000070bb00000| Untracked 
| 110|0x000000070bc00000, 0x000000070bc00000, 0x000000070bd00000|  0%| F|  |TAMS 0x000000070bc00000, 0x000000070bc00000| Untracked 
| 111|0x000000070bd00000, 0x000000070bd00000, 0x000000070be00000|  0%| F|  |TAMS 0x000000070bd00000, 0x000000070bd00000| Untracked 
| 112|0x000000070be00000, 0x000000070be00000, 0x000000070bf00000|  0%| F|  |TAMS 0x000000070be00000, 0x000000070be00000| Untracked 
| 113|0x000000070bf00000, 0x000000070bf00000, 0x000000070c000000|  0%| F|  |TAMS 0x000000070bf00000, 0x000000070bf00000| Untracked 
| 114|0x000000070c000000, 0x000000070c000000, 0x000000070c100000|  0%| F|  |TAMS 0x000000070c000000, 0x000000070c000000| Untracked 
| 115|0x000000070c100000, 0x000000070c100000, 0x000000070c200000|  0%| F|  |TAMS 0x000000070c100000, 0x000000070c100000| Untracked 
| 116|0x000000070c200000, 0x000000070c200000, 0x000000070c300000|  0%| F|  |TAMS 0x000000070c200000, 0x000000070c200000| Untracked 
| 117|0x000000070c300000, 0x000000070c300000, 0x000000070c400000|  0%| F|  |TAMS 0x000000070c300000, 0x000000070c300000| Untracked 
| 118|0x000000070c400000, 0x000000070c400000, 0x000000070c500000|  0%| F|  |TAMS 0x000000070c400000, 0x000000070c400000| Untracked 
| 119|0x000000070c500000, 0x000000070c500000, 0x000000070c600000|  0%| F|  |TAMS 0x000000070c500000, 0x000000070c500000| Untracked 
| 120|0x000000070c600000, 0x000000070c600000, 0x000000070c700000|  0%| F|  |TAMS 0x000000070c600000, 0x000000070c600000| Untracked 
| 121|0x000000070c700000, 0x000000070c700000, 0x000000070c800000|  0%| F|  |TAMS 0x000000070c700000, 0x000000070c700000| Untracked 
| 122|0x000000070c800000, 0x000000070c800000, 0x000000070c900000|  0%| F|  |TAMS 0x000000070c800000, 0x000000070c800000| Untracked 
| 123|0x000000070c900000, 0x000000070c900000, 0x000000070ca00000|  0%| F|  |TAMS 0x000000070c900000, 0x000000070c900000| Untracked 
| 124|0x000000070ca00000, 0x000000070ca00000, 0x000000070cb00000|  0%| F|  |TAMS 0x000000070ca00000, 0x000000070ca00000| Untracked 
| 125|0x000000070cb00000, 0x000000070cb00000, 0x000000070cc00000|  0%| F|  |TAMS 0x000000070cb00000, 0x000000070cb00000| Untracked 
| 126|0x000000070cc00000, 0x000000070cc00000, 0x000000070cd00000|  0%| F|  |TAMS 0x000000070cc00000, 0x000000070cc00000| Untracked 
| 127|0x000000070cd00000, 0x000000070cd00000, 0x000000070ce00000|  0%| F|  |TAMS 0x000000070cd00000, 0x000000070cd00000| Untracked 
| 128|0x000000070ce00000, 0x000000070ce00000, 0x000000070cf00000|  0%| F|  |TAMS 0x000000070ce00000, 0x000000070ce00000| Untracked 
| 129|0x000000070cf00000, 0x000000070cf00000, 0x000000070d000000|  0%| F|  |TAMS 0x000000070cf00000, 0x000000070cf00000| Untracked 
| 130|0x000000070d000000, 0x000000070d000000, 0x000000070d100000|  0%| F|  |TAMS 0x000000070d000000, 0x000000070d000000| Untracked 
| 131|0x000000070d100000, 0x000000070d100000, 0x000000070d200000|  0%| F|  |TAMS 0x000000070d100000, 0x000000070d100000| Untracked 
| 132|0x000000070d200000, 0x000000070d200000, 0x000000070d300000|  0%| F|  |TAMS 0x000000070d200000, 0x000000070d200000| Untracked 
| 133|0x000000070d300000, 0x000000070d300000, 0x000000070d400000|  0%| F|  |TAMS 0x000000070d300000, 0x000000070d300000| Untracked 
| 134|0x000000070d400000, 0x000000070d400000, 0x000000070d500000|  0%| F|  |TAMS 0x000000070d400000, 0x000000070d400000| Untracked 
| 135|0x000000070d500000, 0x000000070d500000, 0x000000070d600000|  0%| F|  |TAMS 0x000000070d500000, 0x000000070d500000| Untracked 
| 136|0x000000070d600000, 0x000000070d600000, 0x000000070d700000|  0%| F|  |TAMS 0x000000070d600000, 0x000000070d600000| Untracked 
| 137|0x000000070d700000, 0x000000070d700000, 0x000000070d800000|  0%| F|  |TAMS 0x000000070d700000, 0x000000070d700000| Untracked 
| 138|0x000000070d800000, 0x000000070d800000, 0x000000070d900000|  0%| F|  |TAMS 0x000000070d800000, 0x000000070d800000| Untracked 
| 139|0x000000070d900000, 0x000000070d900000, 0x000000070da00000|  0%| F|  |TAMS 0x000000070d900000, 0x000000070d900000| Untracked 
| 140|0x000000070da00000, 0x000000070da00000, 0x000000070db00000|  0%| F|  |TAMS 0x000000070da00000, 0x000000070da00000| Untracked 
| 141|0x000000070db00000, 0x000000070db00000, 0x000000070dc00000|  0%| F|  |TAMS 0x000000070db00000, 0x000000070db00000| Untracked 
| 142|0x000000070dc00000, 0x000000070dc00000, 0x000000070dd00000|  0%| F|  |TAMS 0x000000070dc00000, 0x000000070dc00000| Untracked 
| 143|0x000000070dd00000, 0x000000070dd00000, 0x000000070de00000|  0%| F|  |TAMS 0x000000070dd00000, 0x000000070dd00000| Untracked 
| 144|0x000000070de00000, 0x000000070de00000, 0x000000070df00000|  0%| F|  |TAMS 0x000000070de00000, 0x000000070de00000| Untracked 
| 145|0x000000070df00000, 0x000000070df00000, 0x000000070e000000|  0%| F|  |TAMS 0x000000070df00000, 0x000000070df00000| Untracked 
| 146|0x000000070e000000, 0x000000070e000000, 0x000000070e100000|  0%| F|  |TAMS 0x000000070e000000, 0x000000070e000000| Untracked 
| 147|0x000000070e100000, 0x000000070e100000, 0x000000070e200000|  0%| F|  |TAMS 0x000000070e100000, 0x000000070e100000| Untracked 
| 148|0x000000070e200000, 0x000000070e200000, 0x000000070e300000|  0%| F|  |TAMS 0x000000070e200000, 0x000000070e200000| Untracked 
| 149|0x000000070e300000, 0x000000070e300000, 0x000000070e400000|  0%| F|  |TAMS 0x000000070e300000, 0x000000070e300000| Untracked 
| 150|0x000000070e400000, 0x000000070e400000, 0x000000070e500000|  0%| F|  |TAMS 0x000000070e400000, 0x000000070e400000| Untracked 
| 151|0x000000070e500000, 0x000000070e500000, 0x000000070e600000|  0%| F|  |TAMS 0x000000070e500000, 0x000000070e500000| Untracked 
| 152|0x000000070e600000, 0x000000070e600000, 0x000000070e700000|  0%| F|  |TAMS 0x000000070e600000, 0x000000070e600000| Untracked 
| 153|0x000000070e700000, 0x000000070e700000, 0x000000070e800000|  0%| F|  |TAMS 0x000000070e700000, 0x000000070e700000| Untracked 
| 154|0x000000070e800000, 0x000000070e800000, 0x000000070e900000|  0%| F|  |TAMS 0x000000070e800000, 0x000000070e800000| Untracked 
| 155|0x000000070e900000, 0x000000070e900000, 0x000000070ea00000|  0%| F|  |TAMS 0x000000070e900000, 0x000000070e900000| Untracked 
| 156|0x000000070ea00000, 0x000000070ea00000, 0x000000070eb00000|  0%| F|  |TAMS 0x000000070ea00000, 0x000000070ea00000| Untracked 
| 157|0x000000070eb00000, 0x000000070eb00000, 0x000000070ec00000|  0%| F|  |TAMS 0x000000070eb00000, 0x000000070eb00000| Untracked 
| 158|0x000000070ec00000, 0x000000070ec00000, 0x000000070ed00000|  0%| F|  |TAMS 0x000000070ec00000, 0x000000070ec00000| Untracked 
| 159|0x000000070ed00000, 0x000000070ed00000, 0x000000070ee00000|  0%| F|  |TAMS 0x000000070ed00000, 0x000000070ed00000| Untracked 
| 160|0x000000070ee00000, 0x000000070ee00000, 0x000000070ef00000|  0%| F|  |TAMS 0x000000070ee00000, 0x000000070ee00000| Untracked 
| 161|0x000000070ef00000, 0x000000070ef00000, 0x000000070f000000|  0%| F|  |TAMS 0x000000070ef00000, 0x000000070ef00000| Untracked 
| 162|0x000000070f000000, 0x000000070f000000, 0x000000070f100000|  0%| F|  |TAMS 0x000000070f000000, 0x000000070f000000| Untracked 
| 163|0x000000070f100000, 0x000000070f100000, 0x000000070f200000|  0%| F|  |TAMS 0x000000070f100000, 0x000000070f100000| Untracked 
| 164|0x000000070f200000, 0x000000070f200000, 0x000000070f300000|  0%| F|  |TAMS 0x000000070f200000, 0x000000070f200000| Untracked 
| 165|0x000000070f300000, 0x000000070f300000, 0x000000070f400000|  0%| F|  |TAMS 0x000000070f300000, 0x000000070f300000| Untracked 
| 166|0x000000070f400000, 0x000000070f400000, 0x000000070f500000|  0%| F|  |TAMS 0x000000070f400000, 0x000000070f400000| Untracked 
| 167|0x000000070f500000, 0x000000070f500000, 0x000000070f600000|  0%| F|  |TAMS 0x000000070f500000, 0x000000070f500000| Untracked 
| 168|0x000000070f600000, 0x000000070f600000, 0x000000070f700000|  0%| F|  |TAMS 0x000000070f600000, 0x000000070f600000| Untracked 
| 169|0x000000070f700000, 0x000000070f700000, 0x000000070f800000|  0%| F|  |TAMS 0x000000070f700000, 0x000000070f700000| Untracked 
| 170|0x000000070f800000, 0x000000070f800000, 0x000000070f900000|  0%| F|  |TAMS 0x000000070f800000, 0x000000070f800000| Untracked 
| 171|0x000000070f900000, 0x000000070f900000, 0x000000070fa00000|  0%| F|  |TAMS 0x000000070f900000, 0x000000070f900000| Untracked 
| 172|0x000000070fa00000, 0x000000070fa00000, 0x000000070fb00000|  0%| F|  |TAMS 0x000000070fa00000, 0x000000070fa00000| Untracked 
| 173|0x000000070fb00000, 0x000000070fb00000, 0x000000070fc00000|  0%| F|  |TAMS 0x000000070fb00000, 0x000000070fb00000| Untracked 
| 174|0x000000070fc00000, 0x000000070fc00000, 0x000000070fd00000|  0%| F|  |TAMS 0x000000070fc00000, 0x000000070fc00000| Untracked 
| 175|0x000000070fd00000, 0x000000070fd00000, 0x000000070fe00000|  0%| F|  |TAMS 0x000000070fd00000, 0x000000070fd00000| Untracked 
| 176|0x000000070fe00000, 0x000000070fe00000, 0x000000070ff00000|  0%| F|  |TAMS 0x000000070fe00000, 0x000000070fe00000| Untracked 
| 177|0x000000070ff00000, 0x000000070ff00000, 0x0000000710000000|  0%| F|  |TAMS 0x000000070ff00000, 0x000000070ff00000| Untracked 
| 178|0x0000000710000000, 0x0000000710000000, 0x0000000710100000|  0%| F|  |TAMS 0x0000000710000000, 0x0000000710000000| Untracked 
| 179|0x0000000710100000, 0x0000000710100000, 0x0000000710200000|  0%| F|  |TAMS 0x0000000710100000, 0x0000000710100000| Untracked 
| 180|0x0000000710200000, 0x0000000710200000, 0x0000000710300000|  0%| F|  |TAMS 0x0000000710200000, 0x0000000710200000| Untracked 
| 181|0x0000000710300000, 0x0000000710300000, 0x0000000710400000|  0%| F|  |TAMS 0x0000000710300000, 0x0000000710300000| Untracked 
| 182|0x0000000710400000, 0x0000000710400000, 0x0000000710500000|  0%| F|  |TAMS 0x0000000710400000, 0x0000000710400000| Untracked 
| 183|0x0000000710500000, 0x0000000710500000, 0x0000000710600000|  0%| F|  |TAMS 0x0000000710500000, 0x0000000710500000| Untracked 
| 184|0x0000000710600000, 0x0000000710600000, 0x0000000710700000|  0%| F|  |TAMS 0x0000000710600000, 0x0000000710600000| Untracked 
| 185|0x0000000710700000, 0x0000000710700000, 0x0000000710800000|  0%| F|  |TAMS 0x0000000710700000, 0x0000000710700000| Untracked 
| 186|0x0000000710800000, 0x0000000710800000, 0x0000000710900000|  0%| F|  |TAMS 0x0000000710800000, 0x0000000710800000| Untracked 
| 187|0x0000000710900000, 0x0000000710900000, 0x0000000710a00000|  0%| F|  |TAMS 0x0000000710900000, 0x0000000710900000| Untracked 
| 188|0x0000000710a00000, 0x0000000710a00000, 0x0000000710b00000|  0%| F|  |TAMS 0x0000000710a00000, 0x0000000710a00000| Untracked 
| 189|0x0000000710b00000, 0x0000000710b00000, 0x0000000710c00000|  0%| F|  |TAMS 0x0000000710b00000, 0x0000000710b00000| Untracked 
| 190|0x0000000710c00000, 0x0000000710c00000, 0x0000000710d00000|  0%| F|  |TAMS 0x0000000710c00000, 0x0000000710c00000| Untracked 
| 191|0x0000000710d00000, 0x0000000710d00000, 0x0000000710e00000|  0%| F|  |TAMS 0x0000000710d00000, 0x0000000710d00000| Untracked 
| 192|0x0000000710e00000, 0x0000000710e00000, 0x0000000710f00000|  0%| F|  |TAMS 0x0000000710e00000, 0x0000000710e00000| Untracked 
| 193|0x0000000710f00000, 0x0000000710f00000, 0x0000000711000000|  0%| F|  |TAMS 0x0000000710f00000, 0x0000000710f00000| Untracked 
| 194|0x0000000711000000, 0x0000000711000000, 0x0000000711100000|  0%| F|  |TAMS 0x0000000711000000, 0x0000000711000000| Untracked 
| 195|0x0000000711100000, 0x0000000711100000, 0x0000000711200000|  0%| F|  |TAMS 0x0000000711100000, 0x0000000711100000| Untracked 
| 196|0x0000000711200000, 0x0000000711200000, 0x0000000711300000|  0%| F|  |TAMS 0x0000000711200000, 0x0000000711200000| Untracked 
| 197|0x0000000711300000, 0x0000000711300000, 0x0000000711400000|  0%| F|  |TAMS 0x0000000711300000, 0x0000000711300000| Untracked 
| 198|0x0000000711400000, 0x0000000711400000, 0x0000000711500000|  0%| F|  |TAMS 0x0000000711400000, 0x0000000711400000| Untracked 
| 199|0x0000000711500000, 0x0000000711500000, 0x0000000711600000|  0%| F|  |TAMS 0x0000000711500000, 0x0000000711500000| Untracked 
| 200|0x0000000711600000, 0x0000000711600000, 0x0000000711700000|  0%| F|  |TAMS 0x0000000711600000, 0x0000000711600000| Untracked 
| 201|0x0000000711700000, 0x0000000711700000, 0x0000000711800000|  0%| F|  |TAMS 0x0000000711700000, 0x0000000711700000| Untracked 
| 202|0x0000000711800000, 0x0000000711800000, 0x0000000711900000|  0%| F|  |TAMS 0x0000000711800000, 0x0000000711800000| Untracked 
| 203|0x0000000711900000, 0x0000000711900000, 0x0000000711a00000|  0%| F|  |TAMS 0x0000000711900000, 0x0000000711900000| Untracked 
| 204|0x0000000711a00000, 0x0000000711a00000, 0x0000000711b00000|  0%| F|  |TAMS 0x0000000711a00000, 0x0000000711a00000| Untracked 
| 205|0x0000000711b00000, 0x0000000711b00000, 0x0000000711c00000|  0%| F|  |TAMS 0x0000000711b00000, 0x0000000711b00000| Untracked 
| 206|0x0000000711c00000, 0x0000000711c00000, 0x0000000711d00000|  0%| F|  |TAMS 0x0000000711c00000, 0x0000000711c00000| Untracked 
| 207|0x0000000711d00000, 0x0000000711d00000, 0x0000000711e00000|  0%| F|  |TAMS 0x0000000711d00000, 0x0000000711d00000| Untracked 
| 208|0x0000000711e00000, 0x0000000711e00000, 0x0000000711f00000|  0%| F|  |TAMS 0x0000000711e00000, 0x0000000711e00000| Untracked 
| 209|0x0000000711f00000, 0x0000000711f00000, 0x0000000712000000|  0%| F|  |TAMS 0x0000000711f00000, 0x0000000711f00000| Untracked 
| 210|0x0000000712000000, 0x0000000712000000, 0x0000000712100000|  0%| F|  |TAMS 0x0000000712000000, 0x0000000712000000| Untracked 
| 211|0x0000000712100000, 0x0000000712100000, 0x0000000712200000|  0%| F|  |TAMS 0x0000000712100000, 0x0000000712100000| Untracked 
| 212|0x0000000712200000, 0x0000000712200000, 0x0000000712300000|  0%| F|  |TAMS 0x0000000712200000, 0x0000000712200000| Untracked 
| 213|0x0000000712300000, 0x0000000712300000, 0x0000000712400000|  0%| F|  |TAMS 0x0000000712300000, 0x0000000712300000| Untracked 
| 214|0x0000000712400000, 0x0000000712400000, 0x0000000712500000|  0%| F|  |TAMS 0x0000000712400000, 0x0000000712400000| Untracked 
| 215|0x0000000712500000, 0x0000000712500000, 0x0000000712600000|  0%| F|  |TAMS 0x0000000712500000, 0x0000000712500000| Untracked 
| 216|0x0000000712600000, 0x0000000712600000, 0x0000000712700000|  0%| F|  |TAMS 0x0000000712600000, 0x0000000712600000| Untracked 
| 217|0x0000000712700000, 0x0000000712700000, 0x0000000712800000|  0%| F|  |TAMS 0x0000000712700000, 0x0000000712700000| Untracked 
| 218|0x0000000712800000, 0x0000000712800000, 0x0000000712900000|  0%| F|  |TAMS 0x0000000712800000, 0x0000000712800000| Untracked 
| 219|0x0000000712900000, 0x0000000712900000, 0x0000000712a00000|  0%| F|  |TAMS 0x0000000712900000, 0x0000000712900000| Untracked 
| 220|0x0000000712a00000, 0x0000000712a00000, 0x0000000712b00000|  0%| F|  |TAMS 0x0000000712a00000, 0x0000000712a00000| Untracked 
| 221|0x0000000712b00000, 0x0000000712b00000, 0x0000000712c00000|  0%| F|  |TAMS 0x0000000712b00000, 0x0000000712b00000| Untracked 
| 222|0x0000000712c00000, 0x0000000712c00000, 0x0000000712d00000|  0%| F|  |TAMS 0x0000000712c00000, 0x0000000712c00000| Untracked 
| 223|0x0000000712d00000, 0x0000000712d00000, 0x0000000712e00000|  0%| F|  |TAMS 0x0000000712d00000, 0x0000000712d00000| Untracked 
| 224|0x0000000712e00000, 0x0000000712e00000, 0x0000000712f00000|  0%| F|  |TAMS 0x0000000712e00000, 0x0000000712e00000| Untracked 
| 225|0x0000000712f00000, 0x0000000712f00000, 0x0000000713000000|  0%| F|  |TAMS 0x0000000712f00000, 0x0000000712f00000| Untracked 
| 226|0x0000000713000000, 0x0000000713000000, 0x0000000713100000|  0%| F|  |TAMS 0x0000000713000000, 0x0000000713000000| Untracked 
| 227|0x0000000713100000, 0x00000007131f5b28, 0x0000000713200000| 95%| S|CS|TAMS 0x0000000713100000, 0x0000000713100000| Complete 
| 228|0x0000000713200000, 0x0000000713200000, 0x0000000713300000|  0%| F|  |TAMS 0x0000000713200000, 0x0000000713200000| Untracked 
| 229|0x0000000713300000, 0x0000000713300000, 0x0000000713400000|  0%| F|  |TAMS 0x0000000713300000, 0x0000000713300000| Untracked 
| 230|0x0000000713400000, 0x0000000713400000, 0x0000000713500000|  0%| F|  |TAMS 0x0000000713400000, 0x0000000713400000| Untracked 
| 231|0x0000000713500000, 0x0000000713500000, 0x0000000713600000|  0%| F|  |TAMS 0x0000000713500000, 0x0000000713500000| Untracked 
| 232|0x0000000713600000, 0x0000000713600000, 0x0000000713700000|  0%| F|  |TAMS 0x0000000713600000, 0x0000000713600000| Untracked 
| 233|0x0000000713700000, 0x0000000713700000, 0x0000000713800000|  0%| F|  |TAMS 0x0000000713700000, 0x0000000713700000| Untracked 
| 234|0x0000000713800000, 0x0000000713800000, 0x0000000713900000|  0%| F|  |TAMS 0x0000000713800000, 0x0000000713800000| Untracked 
| 235|0x0000000713900000, 0x0000000713900000, 0x0000000713a00000|  0%| F|  |TAMS 0x0000000713900000, 0x0000000713900000| Untracked 
| 236|0x0000000713a00000, 0x0000000713a00000, 0x0000000713b00000|  0%| F|  |TAMS 0x0000000713a00000, 0x0000000713a00000| Untracked 
| 237|0x0000000713b00000, 0x0000000713b00000, 0x0000000713c00000|  0%| F|  |TAMS 0x0000000713b00000, 0x0000000713b00000| Untracked 
| 238|0x0000000713c00000, 0x0000000713c00000, 0x0000000713d00000|  0%| F|  |TAMS 0x0000000713c00000, 0x0000000713c00000| Untracked 
| 239|0x0000000713d00000, 0x0000000713d00000, 0x0000000713e00000|  0%| F|  |TAMS 0x0000000713d00000, 0x0000000713d00000| Untracked 
| 240|0x0000000713e00000, 0x0000000713e00000, 0x0000000713f00000|  0%| F|  |TAMS 0x0000000713e00000, 0x0000000713e00000| Untracked 
| 241|0x0000000713f00000, 0x0000000713f00000, 0x0000000714000000|  0%| F|  |TAMS 0x0000000713f00000, 0x0000000713f00000| Untracked 
| 242|0x0000000714000000, 0x0000000714000000, 0x0000000714100000|  0%| F|  |TAMS 0x0000000714000000, 0x0000000714000000| Untracked 
| 243|0x0000000714100000, 0x0000000714100000, 0x0000000714200000|  0%| F|  |TAMS 0x0000000714100000, 0x0000000714100000| Untracked 
| 244|0x0000000714200000, 0x0000000714200000, 0x0000000714300000|  0%| F|  |TAMS 0x0000000714200000, 0x0000000714200000| Untracked 
| 245|0x0000000714300000, 0x0000000714300000, 0x0000000714400000|  0%| F|  |TAMS 0x0000000714300000, 0x0000000714300000| Untracked 
| 246|0x0000000714400000, 0x0000000714400000, 0x0000000714500000|  0%| F|  |TAMS 0x0000000714400000, 0x0000000714400000| Untracked 
| 247|0x0000000714500000, 0x0000000714500000, 0x0000000714600000|  0%| F|  |TAMS 0x0000000714500000, 0x0000000714500000| Untracked 
| 248|0x0000000714600000, 0x0000000714700000, 0x0000000714700000|100%| E|  |TAMS 0x0000000714600000, 0x0000000714600000| Complete 
| 249|0x0000000714700000, 0x0000000714800000, 0x0000000714800000|100%| E|CS|TAMS 0x0000000714700000, 0x0000000714700000| Complete 
| 250|0x0000000714800000, 0x0000000714900000, 0x0000000714900000|100%| E|CS|TAMS 0x0000000714800000, 0x0000000714800000| Complete 
| 251|0x0000000714900000, 0x0000000714a00000, 0x0000000714a00000|100%| E|CS|TAMS 0x0000000714900000, 0x0000000714900000| Complete 

Card table byte_map: [0x0000019780a00000,0x00000197811e0000] _byte_map_base: 0x000001977d1d9000

Marking Bits (Prev, Next): (CMBitMap*) 0x00000197e81cb118, (CMBitMap*) 0x00000197e81cb150
 Prev Bits: [0x00000197819c0000, 0x0000019785888000)
 Next Bits: [0x0000019785890000, 0x0000019789758000)

Polling page: 0x00000197e60f0000

Metaspace:

Usage:
  Non-class:      7.69 MB capacity,     7.64 MB (>99%) used,    42.43 KB ( <1%) free+waste,     6.69 KB ( <1%) overhead. 
      Class:    775.00 KB capacity,   716.97 KB ( 93%) used,    55.34 KB (  7%) free+waste,     2.69 KB ( <1%) overhead. 
       Both:      8.45 MB capacity,     8.34 MB ( 99%) used,    97.77 KB (  1%) free+waste,     9.38 KB ( <1%) overhead. 

Virtual space:
  Non-class space:        8.00 MB reserved,       7.75 MB ( 97%) committed 
      Class space:        1.00 GB reserved,     896.00 KB ( <1%) committed 
             Both:        1.01 GB reserved,       8.63 MB ( <1%) committed 

Chunk freelists:
   Non-Class:  59.00 KB
       Class:  25.00 KB
        Both:  84.00 KB

MaxMetaspaceSize: 17179869184.00 GB
CompressedClassSpaceSize: 1.00 GB
Initial GC threshold: 20.80 MB
Current GC threshold: 20.80 MB
CDS: off

CodeHeap 'non-profiled nmethods': size=119168Kb used=507Kb max_used=507Kb free=118660Kb
 bounds [0x00000197f8480000, 0x00000197f86f0000, 0x00000197ff8e0000]
CodeHeap 'profiled nmethods': size=119168Kb used=1236Kb max_used=1236Kb free=117931Kb
 bounds [0x00000197f1020000, 0x00000197f1290000, 0x00000197f8480000]
CodeHeap 'non-nmethods': size=7424Kb used=2270Kb max_used=2334Kb free=5153Kb
 bounds [0x00000197f08e0000, 0x00000197f0b50000, 0x00000197f1020000]
 total_blobs=1124 nmethods=721 adapters=314
 compilation: enabled
              stopped_count=0, restarted_count=0
 full_count=0

Compilation events (20 events):
Event: 1.003 Thread 0x000001978d356800  711   !   3       org.bytedeco.javacpp.Loader::putMemberOffset (97 bytes)
Event: 1.003 Thread 0x000001978d1e3800  712       3       java.util.zip.ZipUtils::CENLEN (9 bytes)
Event: 1.005 Thread 0x000001978d1e3800 nmethod 712 0x00000197f1146a90 code [0x00000197f1146c60, 0x00000197f1146f38]
Event: 1.005 Thread 0x000001978d1e3800  713       3       java.lang.Class::asSubclass (22 bytes)
Event: 1.006 Thread 0x000001978d1e3800 nmethod 713 0x00000197f1149090 code [0x00000197f1149280, 0x00000197f1149508]
Event: 1.007 Thread 0x000001978d1e3800  715       3       java.util.WeakHashMap::get (77 bytes)
Event: 1.007 Thread 0x000001978d351000 nmethod 706 0x00000197f1147110 code [0x00000197f11473e0, 0x00000197f11486c8]
Event: 1.007 Thread 0x000001978d5fa800  717   !   4       java.util.jar.JarFile::checkForSpecialAttributes (163 bytes)
Event: 1.007 Thread 0x000001978d67e000  716       4       sun.net.www.ParseUtil::encodePath (41 bytes)
Event: 1.007 Thread 0x000001978d351000  714  s    3       org.bytedeco.javacpp.Loader::putMemberOffset (43 bytes)
Event: 1.011 Thread 0x000001978d1e3800 nmethod 715 0x00000197f1149610 code [0x00000197f1149840, 0x00000197f114a068]
Event: 1.011 Thread 0x000001978d1e3800  719       3       java.util.ArrayList::newCapacity (65 bytes)
Event: 1.011 Thread 0x000001978d351000 nmethod 714 0x00000197f114a390 code [0x00000197f114a5c0, 0x00000197f114af68]
Event: 1.012 Thread 0x000001978d351000  718       3       java.util.jar.JarFile::maybeInstantiateVerifier (112 bytes)
Event: 1.015 Thread 0x000001978d1e3800 nmethod 719 0x00000197f114ed90 code [0x00000197f114efa0, 0x00000197f114f538]
Event: 1.015 Thread 0x000001978d1e3800  722   !   3       jdk.internal.loader.BuiltinClassLoader::loadClassOrNull (143 bytes)
Event: 1.017 Thread 0x000001978d5fa800 nmethod 717 0x00000197f84fc210 code [0x00000197f84fc3a0, 0x00000197f84fc418]
Event: 1.018 Thread 0x000001978d356800 nmethod 711 0x00000197f114b290 code [0x00000197f114b760, 0x00000197f114dda8]
Event: 1.019 Thread 0x000001978d5fa800  720       4       java.util.HashMap::getNode (148 bytes)
Event: 1.019 Thread 0x000001978d356800  721       3       java.lang.String::substring (68 bytes)

GC Heap History (2 events):
Event: 0.836 GC heap before
{Heap before GC invocations=0 (full 0):
 garbage-first heap   total 258048K, used 24576K [0x0000000704e00000, 0x0000000800000000)
  region size 1024K, 24 young (24576K), 0 survivors (0K)
 Metaspace       used 7232K, capacity 7364K, committed 7680K, reserved 1056768K
  class space    used 594K, capacity 644K, committed 768K, reserved 1048576K
}
Event: 0.842 GC heap after
{Heap after GC invocations=1 (full 0):
 garbage-first heap   total 258048K, used 982K [0x0000000704e00000, 0x0000000800000000)
  region size 1024K, 1 young (1024K), 1 survivors (1024K)
 Metaspace       used 7232K, capacity 7364K, committed 7680K, reserved 1056768K
  class space    used 594K, capacity 644K, committed 768K, reserved 1048576K
}

Deoptimization events (20 events):
Event: 0.856 Thread 0x00000197e8166800 DEOPT PACKING pc=0x00000197f84c69bc sp=0x00000082aa0fd180
Event: 0.856 Thread 0x00000197e8166800 DEOPT UNPACKING pc=0x00000197f092a1af sp=0x00000082aa0fd110 mode 2
Event: 0.875 Thread 0x00000197e8166800 Uncommon trap: trap_request=0xffffff4d fr.pc=0x00000197f84c9700 relative=0x00000000000004a0
Event: 0.876 Thread 0x00000197e8166800 Uncommon trap: reason=unstable_if action=reinterpret pc=0x00000197f84c9700 method=java.lang.StringLatin1.regionMatchesCI([BI[BII)Z @ 42 c2
Event: 0.876 Thread 0x00000197e8166800 DEOPT PACKING pc=0x00000197f84c9700 sp=0x00000082aa0fdc90
Event: 0.876 Thread 0x00000197e8166800 DEOPT UNPACKING pc=0x00000197f092a1af sp=0x00000082aa0fdb90 mode 2
Event: 0.879 Thread 0x00000197e8166800 Uncommon trap: trap_request=0xffffff4d fr.pc=0x00000197f84ad458 relative=0x0000000000000318
Event: 0.879 Thread 0x00000197e8166800 Uncommon trap: reason=unstable_if action=reinterpret pc=0x00000197f84ad458 method=java.lang.String.<init>([CIILjava/lang/Void;)V @ 5 c2
Event: 0.879 Thread 0x00000197e8166800 DEOPT PACKING pc=0x00000197f84ad458 sp=0x00000082aa0fa810
Event: 0.879 Thread 0x00000197e8166800 DEOPT UNPACKING pc=0x00000197f092a1af sp=0x00000082aa0fa7f8 mode 2
Event: 0.939 Thread 0x00000197e8166800 DEOPT PACKING pc=0x00000197f111c040 sp=0x00000082aa0fc410
Event: 0.939 Thread 0x00000197e8166800 DEOPT UNPACKING pc=0x00000197f092a95e sp=0x00000082aa0fb928 mode 0
Event: 0.971 Thread 0x00000197e8166800 Uncommon trap: trap_request=0xffffffde fr.pc=0x00000197f84a8c70 relative=0x00000000000001b0
Event: 0.971 Thread 0x00000197e8166800 Uncommon trap: reason=class_check action=maybe_recompile pc=0x00000197f84a8c70 method=java.nio.Buffer.<init>(IIII)V @ 33 c2
Event: 0.971 Thread 0x00000197e8166800 DEOPT PACKING pc=0x00000197f84a8c70 sp=0x00000082aa0fcac0
Event: 0.971 Thread 0x00000197e8166800 DEOPT UNPACKING pc=0x00000197f092a1af sp=0x00000082aa0fca28 mode 2
Event: 1.009 Thread 0x00000197e8166800 Uncommon trap: trap_request=0xffffff4d fr.pc=0x00000197f84dd268 relative=0x0000000000000248
Event: 1.010 Thread 0x00000197e8166800 Uncommon trap: reason=unstable_if action=reinterpret pc=0x00000197f84dd268 method=java.net.URLStreamHandler.parseURL(Ljava/net/URL;Ljava/lang/String;II)V @ 143 c2
Event: 1.010 Thread 0x00000197e8166800 DEOPT PACKING pc=0x00000197f84dd268 sp=0x00000082aa0fd3d0
Event: 1.010 Thread 0x00000197e8166800 DEOPT UNPACKING pc=0x00000197f092a1af sp=0x00000082aa0fd370 mode 2

Classes redefined (0 events):
No events

Internal exceptions (7 events):
Event: 0.119 Thread 0x00000197e8166800 Exception <a 'java/security/PrivilegedActionException'{0x000000071482d080}> (0x000000071482d080) thrown at [s\src\hotspot\share\prims\jvm.cpp, line 1306]
Event: 0.119 Thread 0x00000197e8166800 Exception <a 'java/security/PrivilegedActionException'{0x000000071482d350}> (0x000000071482d350) thrown at [s\src\hotspot\share\prims\jvm.cpp, line 1306]
Event: 0.193 Thread 0x00000197e8166800 Exception <a 'java/lang/NoSuchMethodError'{0x00000007148ec650}: 'int java.lang.invoke.DirectMethodHandle$Holder.invokeStaticInit(java.lang.Object, java.lang.Object, java.lang.Object, java.lang.Object)'> (0x00000007148ec650) thrown at [s\src\hotspot\share\interpreter\linkResolver.cpp, line 773]
Event: 0.196 Thread 0x00000197e8166800 Exception <a 'java/lang/IncompatibleClassChangeError'{0x00000007148f6f00}: Found class java.lang.Object, but interface was expected> (0x00000007148f6f00) thrown at [s\src\hotspot\share\interpreter\linkResolver.cpp, line 839]
Event: 0.197 Thread 0x00000197e8166800 Exception <a 'java/lang/NoSuchMethodError'{0x00000007148fa1c0}: 'void java.lang.invoke.DirectMethodHandle$Holder.invokeStaticInit(java.lang.Object, java.lang.Object)'> (0x00000007148fa1c0) thrown at [s\src\hotspot\share\interpreter\linkResolver.cpp, line 773]
Event: 0.201 Thread 0x00000197e8166800 Exception <a 'java/lang/NoSuchMethodError'{0x000000071477bb30}: 'int java.lang.invoke.DirectMethodHandle$Holder.invokeStaticInit(java.lang.Object, java.lang.Object)'> (0x000000071477bb30) thrown at [s\src\hotspot\share\interpreter\linkResolver.cpp, line 773]
Event: 0.922 Thread 0x00000197e8166800 Exception <a 'java/lang/NoSuchMethodError'{0x000000071471d5c8}: 'java.lang.Object java.lang.invoke.DirectMethodHandle$Holder.invokeStatic(java.lang.Object, int, java.lang.Object)'> (0x000000071471d5c8) thrown at [s\src\hotspot\share\interpreter\linkResolver.cpp, line 773]

Events (20 events):
Event: 1.002 loading class com/raylib/Raylib$Camera2D
Event: 1.002 loading class com/raylib/Raylib$Camera2D done
Event: 1.003 loading class com/raylib/Raylib$Camera3D
Event: 1.003 loading class com/raylib/Raylib$Camera3D done
Event: 1.004 loading class com/raylib/Raylib$Font
Event: 1.004 loading class com/raylib/Raylib$Font done
Event: 1.004 loading class com/raylib/Raylib$Rectangle
Event: 1.004 loading class com/raylib/Raylib$Rectangle done
Event: 1.005 loading class com/raylib/Raylib$GlyphInfo
Event: 1.005 loading class com/raylib/Raylib$GlyphInfo done
Event: 1.006 loading class com/raylib/Raylib$Image
Event: 1.006 loading class com/raylib/Raylib$Image done
Event: 1.006 loading class com/raylib/Raylib$NPatchInfo
Event: 1.006 loading class com/raylib/Raylib$NPatchInfo done
Event: 1.007 loading class com/raylib/Raylib$RenderTexture
Event: 1.007 loading class com/raylib/Raylib$RenderTexture done
Event: 1.011 loading class org/bytedeco/javacpp/PointerScope
Event: 1.011 loading class org/bytedeco/javacpp/PointerScope done
Event: 1.016 loading class org/bytedeco/javacpp/PointerScope$1
Event: 1.016 loading class org/bytedeco/javacpp/PointerScope$1 done


Dynamic libraries:
0x00007ff729540000 - 0x00007ff72954d000 	C:\Users\dn328420\.jdks\corretto-11.0.20.1\bin\java.exe
0x00007ffe0f390000 - 0x00007ffe0f5a7000 	C:\Windows\SYSTEM32\ntdll.dll
0x00007ffe0e490000 - 0x00007ffe0e554000 	C:\Windows\System32\KERNEL32.DLL
0x00007ffe0cd40000 - 0x00007ffe0d0e6000 	C:\Windows\System32\KERNELBASE.dll
0x00007ffe0cae0000 - 0x00007ffe0cbf1000 	C:\Windows\System32\ucrtbase.dll
0x00007ffdf51f0000 - 0x00007ffdf5209000 	C:\Users\dn328420\.jdks\corretto-11.0.20.1\bin\VCRUNTIME140.dll
0x00007ffdf5210000 - 0x00007ffdf5227000 	C:\Users\dn328420\.jdks\corretto-11.0.20.1\bin\jli.dll
0x00007ffe0e010000 - 0x00007ffe0e1bd000 	C:\Windows\System32\USER32.dll
0x00007ffe0cab0000 - 0x00007ffe0cad6000 	C:\Windows\System32\win32u.dll
0x00007ffe0bb70000 - 0x00007ffe0be03000 	C:\Windows\WinSxS\amd64_microsoft.windows.common-controls_6595b64144ccf1df_6.0.22621.2361_none_2712ced57382f843\COMCTL32.dll
0x00007ffe0e240000 - 0x00007ffe0e269000 	C:\Windows\System32\GDI32.dll
0x00007ffe0d520000 - 0x00007ffe0d5c7000 	C:\Windows\System32\msvcrt.dll
0x00007ffe0c880000 - 0x00007ffe0c998000 	C:\Windows\System32\gdi32full.dll
0x00007ffe0ca10000 - 0x00007ffe0caaa000 	C:\Windows\System32\msvcp_win.dll
0x00007ffe0d680000 - 0x00007ffe0d6b1000 	C:\Windows\System32\IMM32.DLL
0x00007ffdd5b60000 - 0x00007ffdd5bfb000 	C:\Users\dn328420\.jdks\corretto-11.0.20.1\bin\msvcp140.dll
0x00007ffd7ccc0000 - 0x00007ffd7d84b000 	C:\Users\dn328420\.jdks\corretto-11.0.20.1\bin\server\jvm.dll
0x00007ffe0e3e0000 - 0x00007ffe0e490000 	C:\Windows\System32\ADVAPI32.dll
0x00007ffe0f0c0000 - 0x00007ffe0f166000 	C:\Windows\System32\sechost.dll
0x00007ffe0e980000 - 0x00007ffe0ea97000 	C:\Windows\System32\RPCRT4.dll
0x00007ffe0d5d0000 - 0x00007ffe0d5d8000 	C:\Windows\System32\PSAPI.DLL
0x00007ffdf6660000 - 0x00007ffdf6669000 	C:\Windows\SYSTEM32\WSOCK32.dll
0x00007ffe0e1c0000 - 0x00007ffe0e231000 	C:\Windows\System32\WS2_32.dll
0x00007ffe02d60000 - 0x00007ffe02d94000 	C:\Windows\SYSTEM32\WINMM.dll
0x00007ffe0aef0000 - 0x00007ffe0aefa000 	C:\Windows\SYSTEM32\VERSION.dll
0x00007ffe0a6a0000 - 0x00007ffe0a6b8000 	C:\Windows\SYSTEM32\kernel.appcore.dll
0x00007ffdf5eb0000 - 0x00007ffdf5ec0000 	C:\Users\dn328420\.jdks\corretto-11.0.20.1\bin\verify.dll
0x00007ffe0c010000 - 0x00007ffe0c23e000 	C:\Windows\SYSTEM32\DBGHELP.DLL
0x00007ffe0d190000 - 0x00007ffe0d51a000 	C:\Windows\System32\combase.dll
0x00007ffe0f170000 - 0x00007ffe0f247000 	C:\Windows\System32\OLEAUT32.dll
0x00007ffe0be40000 - 0x00007ffe0be72000 	C:\Windows\SYSTEM32\dbgcore.DLL
0x00007ffe0ccc0000 - 0x00007ffe0cd3a000 	C:\Windows\System32\bcryptPrimitives.dll
0x00007ffdedfc0000 - 0x00007ffdedfe8000 	C:\Users\dn328420\.jdks\corretto-11.0.20.1\bin\java.dll
0x00007ffdf5d50000 - 0x00007ffdf5d5a000 	C:\Users\dn328420\.jdks\corretto-11.0.20.1\bin\jimage.dll
0x00007ffdf3460000 - 0x00007ffdf3478000 	C:\Users\dn328420\.jdks\corretto-11.0.20.1\bin\zip.dll
0x00007ffe0d720000 - 0x00007ffe0df78000 	C:\Windows\System32\SHELL32.dll
0x00007ffe09440000 - 0x00007ffe09d32000 	C:\Windows\SYSTEM32\windows.storage.dll
0x00007ffe09300000 - 0x00007ffe0943e000 	C:\Windows\SYSTEM32\wintypes.dll
0x00007ffe0f250000 - 0x00007ffe0f343000 	C:\Windows\System32\SHCORE.dll
0x00007ffe0e5b0000 - 0x00007ffe0e60e000 	C:\Windows\System32\shlwapi.dll
0x00007ffe0c640000 - 0x00007ffe0c666000 	C:\Windows\SYSTEM32\profapi.dll
0x00007ffdf1fd0000 - 0x00007ffdf1fe9000 	C:\Users\dn328420\.jdks\corretto-11.0.20.1\bin\net.dll
0x00007ffe0a720000 - 0x00007ffe0a857000 	C:\Windows\SYSTEM32\WINHTTP.dll
0x00007ffe0ac20000 - 0x00007ffe0ac89000 	C:\Windows\system32\mswsock.dll
0x00007ffdf0480000 - 0x00007ffdf0493000 	C:\Users\dn328420\.jdks\corretto-11.0.20.1\bin\nio.dll
0x00000197e6130000 - 0x00000197e6133000 	C:\Users\dn328420\.jdks\corretto-11.0.20.1\bin\api-ms-win-crt-locale-l1-1-0.dll
0x00000197e6140000 - 0x00000197e6144000 	C:\Users\dn328420\.jdks\corretto-11.0.20.1\bin\api-ms-win-crt-string-l1-1-0.dll
0x00000197e6150000 - 0x00000197e6154000 	C:\Users\dn328420\.jdks\corretto-11.0.20.1\bin\api-ms-win-crt-stdio-l1-1-0.dll
0x00000197e6160000 - 0x00000197e6165000 	C:\Users\dn328420\.jdks\corretto-11.0.20.1\bin\api-ms-win-crt-math-l1-1-0.dll
0x00000197e6170000 - 0x00000197e6173000 	C:\Users\dn328420\.jdks\corretto-11.0.20.1\bin\api-ms-win-crt-heap-l1-1-0.dll
0x00000197e6180000 - 0x00000197e6184000 	C:\Users\dn328420\.jdks\corretto-11.0.20.1\bin\api-ms-win-crt-runtime-l1-1-0.dll
0x00000197e8070000 - 0x00000197e8074000 	C:\Users\dn328420\.jdks\corretto-11.0.20.1\bin\api-ms-win-crt-convert-l1-1-0.dll
0x00000197e8080000 - 0x00000197e8083000 	C:\Users\dn328420\.jdks\corretto-11.0.20.1\bin\api-ms-win-crt-environment-l1-1-0.dll
0x00000197e8090000 - 0x00000197e8093000 	C:\Users\dn328420\.jdks\corretto-11.0.20.1\bin\api-ms-win-crt-time-l1-1-0.dll
0x00000197e80a0000 - 0x00000197e80a3000 	C:\Users\dn328420\.jdks\corretto-11.0.20.1\bin\api-ms-win-crt-filesystem-l1-1-0.dll
0x00000197e80b0000 - 0x00000197e80b3000 	C:\Users\dn328420\.jdks\corretto-11.0.20.1\bin\api-ms-win-crt-utility-l1-1-0.dll
0x00000197e80c0000 - 0x00000197e80c5000 	C:\Users\dn328420\.jdks\corretto-11.0.20.1\bin\api-ms-win-crt-multibyte-l1-1-0.dll
0x00000197e80d0000 - 0x00000197e80d3000 	C:\Users\dn328420\.jdks\corretto-11.0.20.1\bin\api-ms-win-crt-conio-l1-1-0.dll
0x00000197e80e0000 - 0x00000197e80f0000 	C:\Users\dn328420\.jdks\corretto-11.0.20.1\bin\api-ms-win-crt-private-l1-1-0.dll
0x00000197e80f0000 - 0x00000197e80f3000 	C:\Users\dn328420\.jdks\corretto-11.0.20.1\bin\api-ms-win-crt-process-l1-1-0.dll
0x00000197e8100000 - 0x00000197e8103000 	C:\Users\dn328420\.jdks\corretto-11.0.20.1\bin\api-ms-win-core-console-l1-2-0.dll
0x00000197e8110000 - 0x00000197e8113000 	C:\Users\dn328420\.jdks\corretto-11.0.20.1\bin\api-ms-win-core-string-l1-1-0.dll
0x00000197e8120000 - 0x00000197e8123000 	C:\Users\dn328420\.jdks\corretto-11.0.20.1\bin\api-ms-win-core-errorhandling-l1-1-0.dll
0x00000197e8130000 - 0x00000197e8133000 	C:\Users\dn328420\.jdks\corretto-11.0.20.1\bin\api-ms-win-core-timezone-l1-1-0.dll
0x00000197fff50000 - 0x00000197fff54000 	C:\Users\dn328420\.jdks\corretto-11.0.20.1\bin\api-ms-win-core-file-l1-1-0.dll
0x00000197fff60000 - 0x00000197fff63000 	C:\Users\dn328420\.jdks\corretto-11.0.20.1\bin\api-ms-win-core-namedpipe-l1-1-0.dll
0x00000197fff70000 - 0x00000197fff73000 	C:\Users\dn328420\.jdks\corretto-11.0.20.1\bin\api-ms-win-core-handle-l1-1-0.dll
0x00000197fff80000 - 0x00000197fff83000 	C:\Users\dn328420\.jdks\corretto-11.0.20.1\bin\api-ms-win-core-file-l2-1-0.dll
0x00000197fff90000 - 0x00000197fff93000 	C:\Users\dn328420\.jdks\corretto-11.0.20.1\bin\api-ms-win-core-heap-l1-1-0.dll
0x00000197fffa0000 - 0x00000197fffa3000 	C:\Users\dn328420\.jdks\corretto-11.0.20.1\bin\api-ms-win-core-libraryloader-l1-1-0.dll
0x00000197fffb0000 - 0x00000197fffb3000 	C:\Users\dn328420\.jdks\corretto-11.0.20.1\bin\api-ms-win-core-synch-l1-1-0.dll
0x00000197fffc0000 - 0x00000197fffc3000 	C:\Users\dn328420\.jdks\corretto-11.0.20.1\bin\api-ms-win-core-processthreads-l1-1-0.dll
0x00000197fffd0000 - 0x00000197fffd3000 	C:\Users\dn328420\.jdks\corretto-11.0.20.1\bin\api-ms-win-core-processenvironment-l1-1-0.dll
0x00000197fffe0000 - 0x00000197fffe3000 	C:\Users\dn328420\.jdks\corretto-11.0.20.1\bin\api-ms-win-core-datetime-l1-1-0.dll
0x00000197ffff0000 - 0x00000197ffff3000 	C:\Users\dn328420\.jdks\corretto-11.0.20.1\bin\api-ms-win-core-localization-l1-2-0.dll
0x000001978ed90000 - 0x000001978ed93000 	C:\Users\dn328420\.jdks\corretto-11.0.20.1\bin\api-ms-win-core-sysinfo-l1-1-0.dll
0x000001978eda0000 - 0x000001978eda3000 	C:\Users\dn328420\.jdks\corretto-11.0.20.1\bin\api-ms-win-core-synch-l1-2-0.dll
0x000001978edb0000 - 0x000001978edb3000 	C:\Users\dn328420\.jdks\corretto-11.0.20.1\bin\api-ms-win-core-console-l1-1-0.dll
0x000001978edc0000 - 0x000001978edc3000 	C:\Users\dn328420\.jdks\corretto-11.0.20.1\bin\api-ms-win-core-debug-l1-1-0.dll
0x000001978edd0000 - 0x000001978edd3000 	C:\Users\dn328420\.jdks\corretto-11.0.20.1\bin\api-ms-win-core-rtlsupport-l1-1-0.dll
0x000001978ede0000 - 0x000001978ede3000 	C:\Users\dn328420\.jdks\corretto-11.0.20.1\bin\api-ms-win-core-processthreads-l1-1-1.dll
0x000001978edf0000 - 0x000001978edf3000 	C:\Users\dn328420\.jdks\corretto-11.0.20.1\bin\api-ms-win-core-file-l1-2-0.dll
0x000001978ee00000 - 0x000001978ee03000 	C:\Users\dn328420\.jdks\corretto-11.0.20.1\bin\api-ms-win-core-profile-l1-1-0.dll
0x000001978fde0000 - 0x000001978fde3000 	C:\Users\dn328420\.jdks\corretto-11.0.20.1\bin\api-ms-win-core-memory-l1-1-0.dll
0x000001978fdf0000 - 0x000001978fdf3000 	C:\Users\dn328420\.jdks\corretto-11.0.20.1\bin\api-ms-win-core-util-l1-1-0.dll
0x000001978fe00000 - 0x000001978fe03000 	C:\Users\dn328420\.jdks\corretto-11.0.20.1\bin\api-ms-win-core-interlocked-l1-1-0.dll
0x00007ffdd5740000 - 0x00007ffdd583c000 	C:\Users\dn328420\.jdks\corretto-11.0.20.1\bin\ucrtbase.dll
0x00007ffe0bf00000 - 0x00007ffe0bf0c000 	C:\Windows\System32\vcruntime140_1.dll
0x00007ffe06a20000 - 0x00007ffe06a29000 	C:\Windows\System32\msvcp140_1.dll
0x00007ffdf4320000 - 0x00007ffdf436e000 	C:\Windows\System32\concrt140.dll
0x00007ffdf4980000 - 0x00007ffdf49b1000 	C:\Windows\System32\vcomp140.dll
0x00007ffdd8b80000 - 0x00007ffdd8c80000 	C:\Windows\System32\opengl32.dll
0x00007ffdf35a0000 - 0x00007ffdf35cd000 	C:\Windows\SYSTEM32\GLU32.dll
0x00007ffe089b0000 - 0x00007ffe089e6000 	C:\Windows\SYSTEM32\dxcore.dll
0x00007ffdb1430000 - 0x00007ffdb164d000 	C:\Users\dn328420\.javacpp\cache\jaylib-4.5.0-0.jar\com\raylib\windows-x86_64\jniRaylib.dll

dbghelp: loaded successfully - version: 4.0.5 - missing functions: none
symbol engine: initialized successfully - sym options: 0x614 - pdb path: .;C:\Users\dn328420\.jdks\corretto-11.0.20.1\bin;C:\Windows\SYSTEM32;C:\Windows\WinSxS\amd64_microsoft.windows.common-controls_6595b64144ccf1df_6.0.22621.2361_none_2712ced57382f843;C:\Users\dn328420\.jdks\corretto-11.0.20.1\bin\server;C:\Users\dn328420\.javacpp\cache\jaylib-4.5.0-0.jar\com\raylib\windows-x86_64

VM Arguments:
jvm_args: -Dfile.encoding=windows-1252 -Duser.country=CA -Duser.language=en -Duser.variant 
java_command: Main
java_class_path (initial): C:\Users\dn328420\Downloads\jaylib-example-project\build\classes\java\main;C:\Users\dn328420\Downloads\jaylib-example-project\build\resources\main;C:\Users\dn328420\.gradle\caches\modules-2\files-2.1\uk.co.electronstudio.jaylib\jaylib\4.5.0-0\90c0d608df9bbd32f5f34683acc58cb433e94508\jaylib-4.5.0-0.jar
Launcher Type: SUN_STANDARD

[Global flags]
     intx CICompilerCount                          = 12                                        {product} {ergonomic}
     uint ConcGCThreads                            = 3                                         {product} {ergonomic}
     uint G1ConcRefinementThreads                  = 13                                        {product} {ergonomic}
   size_t G1HeapRegionSize                         = 1048576                                   {product} {ergonomic}
    uintx GCDrainStackTargetSize                   = 64                                        {product} {ergonomic}
   size_t InitialHeapSize                          = 264241152                                 {product} {ergonomic}
   size_t MarkStackSize                            = 4194304                                   {product} {ergonomic}
   size_t MaxHeapSize                              = 4213178368                                {product} {ergonomic}
   size_t MaxNewSize                               = 2527068160                                {product} {ergonomic}
   size_t MinHeapDeltaBytes                        = 1048576                                   {product} {ergonomic}
    uintx NonNMethodCodeHeapSize                   = 7594288                                {pd product} {ergonomic}
    uintx NonProfiledCodeHeapSize                  = 122031976                              {pd product} {ergonomic}
    uintx ProfiledCodeHeapSize                     = 122031976                              {pd product} {ergonomic}
    uintx ReservedCodeCacheSize                    = 251658240                              {pd product} {ergonomic}
     bool SegmentedCodeCache                       = true                                      {product} {ergonomic}
     bool UseCompressedClassPointers               = true                                 {lp64_product} {ergonomic}
     bool UseCompressedOops                        = true                                 {lp64_product} {ergonomic}
     bool UseG1GC                                  = true                                      {product} {ergonomic}
     bool UseLargePagesIndividualAllocation        = false                                  {pd product} {ergonomic}

Logging:
Log output configuration:
 #0: stdout all=warning uptime,level,tags
 #1: stderr all=off uptime,level,tags

Environment Variables:
PATH=C:\Windows\system32;C:\Windows;C:\Windows\System32\Wbem;C:\Windows\System32\WindowsPowerShell\v1.0\;C:\Windows\System32\OpenSSH\;C:\Program Files\dotnet\;C:\Program Files (x86)\Windows Kits\10\Windows Performance Toolkit\;C:\Program Files\Git\cmd;C:\Users\dn328420\AppData\Local\Microsoft\WindowsApps;C:\Users\dn328420\AppData\Local\Programs\Microsoft VS Code\bin;C:\Users\dn328420\Desktop\Code\minGW\ucrt64\bin;
USERNAME=dn328420
OS=Windows_NT
PROCESSOR_IDENTIFIER=Intel64 Family 6 Model 186 Stepping 2, GenuineIntel
TMP=C:\Users\dn328420\AppData\Local\Temp
TEMP=C:\Users\dn328420\AppData\Local\Temp



---------------  S Y S T E M  ---------------

OS: Windows 11 , 64 bit Build 22621 (10.0.22621.2428)
OS uptime: 40 days 9:09 hours
Hyper-V role detected

CPU:total 16 (initial active 16) (8 cores per cpu, 2 threads per core) family 6 model 186 stepping 2 microcode 0x410e, cmov, cx8, fxsr, mmx, sse, sse2, sse3, ssse3, sse4.1, sse4.2, popcnt, avx, avx2, aes, clmul, erms, 3dnowpref, lzcnt, ht, tsc, tscinvbit, bmi1, bmi2, adx, sha, fma

Memory: 4k page, system-wide physical 16068M (3400M free)
TotalPageFile size 21604M (AvailPageFile size 3443M)
current process WorkingSet (physical memory assigned to process): 144M, peak: 147M
current process commit charge ("private bytes"): 425M, peak: 428M

vm_info: OpenJDK 64-Bit Server VM (11.0.20.1+9-LTS) for windows-amd64 JRE (11.0.20.1+9-LTS), built on Aug 19 2023 03:46:24 by "Administrator" with MS VC++ 15.9 (VS2017)

END.
