#
# A fatal error has been detected by the Java Runtime Environment:
#
#  EXCEPTION_ACCESS_VIOLATION (0xc0000005) at pc=0x00007ffdb9d2e782, pid=34496, tid=30140
#
# JRE version: OpenJDK Runtime Environment Corretto-11.0.20.9.1 (11.0.20.1+9) (build 11.0.20.1+9-LTS)
# Java VM: OpenJDK 64-Bit Server VM Corretto-11.0.20.9.1 (11.0.20.1+9-LTS, mixed mode, tiered, compressed oops, g1 gc, windows-amd64)
# Problematic frame:
# C  [jniRaylib.dll+0xde782]
#
# No core dump will be written. Minidumps are not enabled by default on client versions of Windows
#
# If you would like to submit a bug report, please visit:
#   https://github.com/corretto/corretto-11/issues/
# The crash happened outside the Java Virtual Machine in native code.
# See problematic frame for where to report the bug.
#

---------------  S U M M A R Y ------------

Command Line: -Dfile.encoding=windows-1252 -Duser.country=CA -Duser.language=en -Duser.variant Main

Host: 13th Gen Intel(R) Core(TM) i5-1340P, 16 cores, 15G,  Windows 11 , 64 bit Build 22621 (10.0.22621.2428)
Time: Sat Dec 23 17:37:03 2023 Atlantic Standard Time elapsed time: 0.849562 seconds (0d 0h 0m 0s)

---------------  T H R E A D  ---------------

Current thread (0x000001bc3bc46000):  JavaThread "main" [_thread_in_native, id=30140, stack(0x0000006f9f300000,0x0000006f9f400000)]

Stack: [0x0000006f9f300000,0x0000006f9f400000],  sp=0x0000006f9f3ff400,  free space=1021k
Native frames: (J=compiled Java code, j=interpreted, Vv=VM code, C=native code)
C  [jniRaylib.dll+0xde782]

Java frames: (J=compiled Java code, j=interpreted, Vv=VM code)
j  com.raylib.Raylib.DrawCircle(IIFLcom/raylib/Raylib$Color;)V+0
j  Player.<init>()V+43
j  Main.main([Ljava/lang/String;)V+23
v  ~StubRoutines::call_stub

siginfo: EXCEPTION_ACCESS_VIOLATION (0xc0000005), reading address 0x0000000000000018


Register to memory mapping:

RIP=0x00007ffdb9d2e782 jniRaylib.dll
RAX=0x0000000040800000 is an unknown value
RBX=0x0000000000000001 is an unknown value
RCX=0x0000000000000001 is an unknown value
RDX=0x0 is NULL
RSP=0x0000006f9f3ff400 is pointing into the stack for thread: 0x000001bc3bc46000
RBP=0x0000000000000064 is an unknown value
RSI=0x000001bc63181720 points into unknown readable memory: 0x000001bcff3729e6 | e6 29 37 ff bc 01 00 00
RDI=0x0000000000000024 is an unknown value
R8 =0x0 is NULL
R9 =0x00000000ff3729e6 is an unknown value
R10=0x000000000000000e is an unknown value
R11=0x00007ffd6ad5b82c jvm.dll
R12=0x0 is NULL
R13=0x000001bc60756170 is pointing into metadata
R14=0x0000000000000064 is an unknown value
R15=0x000001bc3bc46000 is a thread


Registers:
RAX=0x0000000040800000, RBX=0x0000000000000001, RCX=0x0000000000000001, RDX=0x0000000000000000
RSP=0x0000006f9f3ff400, RBP=0x0000000000000064, RSI=0x000001bc63181720, RDI=0x0000000000000024
R8 =0x0000000000000000, R9 =0x00000000ff3729e6, R10=0x000000000000000e, R11=0x00007ffd6ad5b82c
R12=0x0000000000000000, R13=0x000001bc60756170, R14=0x0000000000000064, R15=0x000001bc3bc46000
RIP=0x00007ffdb9d2e782, EFLAGS=0x0000000000010202

Top of Stack: (sp=0x0000006f9f3ff400)
0x0000006f9f3ff400:   0000000000000000 0000000000000000
0x0000006f9f3ff410:   000001bc60c7fe00 0000000000000000
0x0000006f9f3ff420:   0000000000000004 00007ffdb9d32f93
0x0000006f9f3ff430:   0000000040800000 00007ffd6a884400
0x0000006f9f3ff440:   0000000000000000 0000000000000000
0x0000006f9f3ff450:   42c8000042c80000 000001bc3bc46000
0x0000006f9f3ff460:   0000000000000000 0000000000000000
0x0000006f9f3ff470:   0000000000000000 0000000000000000
0x0000006f9f3ff480:   0000000000000000 0000000000000000
0x0000006f9f3ff490:   000001bc60756178 000001bc3bc46000
0x0000006f9f3ff4a0:   0000000000000000 0000000000000000
0x0000006f9f3ff4b0:   0000000000000000 0000000000000000
0x0000006f9f3ff4c0:   0000000000000000 0000000000000000
0x0000006f9f3ff4d0:   0000000000000000 0000000000000000
0x0000006f9f3ff4e0:   0000000000000000 0000000000000000
0x0000006f9f3ff4f0:   000001bc3bc46000 0000000000000064 

Instructions: (pc=0x00007ffdb9d2e782)
0x00007ffdb9d2e682:   0f 11 0d 0b 45 11 00 0f 10 49 30 0f 11 05 10 45
0x00007ffdb9d2e692:   11 00 0f 10 02 0f 11 0d 16 45 11 00 0f 10 4a 10
0x00007ffdb9d2e6a2:   0f 11 05 1b 45 11 00 0f 10 42 20 0f 11 0d 20 45
0x00007ffdb9d2e6b2:   11 00 0f 10 4a 30 0f 11 05 25 45 11 00 0f 11 0d
0x00007ffdb9d2e6c2:   2e 45 11 00 c3 cc cc cc cc cc cc cc cc cc 40 53
0x00007ffdb9d2e6d2:   48 83 ec 20 48 8b d9 48 8b 0d d0 3a 11 00 e8 7b
0x00007ffdb9d2e6e2:   b6 ff ff 48 85 db 48 8d 05 c9 3a 11 00 48 0f 45
0x00007ffdb9d2e6f2:   c3 48 89 05 b6 3a 11 00 48 83 c4 20 5b c3 48 89
0x00007ffdb9d2e702:   5c 24 08 57 48 83 ec 20 39 0d e0 43 11 00 48 8b
0x00007ffdb9d2e712:   fa 8b d9 74 19 48 8b 0d 92 3a 11 00 e8 3d b6 ff
0x00007ffdb9d2e722:   ff 89 1d c7 43 11 00 48 89 3d c8 43 11 00 48 8b
0x00007ffdb9d2e732:   5c 24 30 48 83 c4 20 5f c3 cc cc cc cc cc 40 53
0x00007ffdb9d2e742:   48 83 ec 20 8b d9 85 c9 75 2f 48 8b 0d 5d 3a 11
0x00007ffdb9d2e752:   00 48 63 51 04 48 8b 41 08 48 c1 e2 06 8b 14 02
0x00007ffdb9d2e762:   c1 e2 02 39 15 6d 3a 11 00 0f 8c 09 01 00 00 48
0x00007ffdb9d2e772:   83 c4 20 5b e9 e5 b5 ff ff 48 8b 15 2e 3a 11 00
0x00007ffdb9d2e782:   4c 63 42 18 49 c1 e0 04 4c 03 42 10 41 39 58 fc
0x00007ffdb9d2e792:   0f 84 e2 00 00 00 41 8b 40 f4 85 c0 0f 8e 95 00
0x00007ffdb9d2e7a2:   00 00 41 8b 48 f0 83 f9 01 75 19 8b c8 81 e1 03
0x00007ffdb9d2e7b2:   00 00 80 7d 07 ff c9 83 c9 fc ff c1 83 f8 04 0f
0x00007ffdb9d2e7c2:   4d c1 eb 2a 83 f9 04 75 23 3b c1 7d 05 8d 41 fd
0x00007ffdb9d2e7d2:   eb 1c 8b c8 81 e1 03 00 00 80 7d 07 ff c9 83 c9
0x00007ffdb9d2e7e2:   fc ff c1 b8 04 00 00 00 2b c1 eb 02 33 c0 41 89
0x00007ffdb9d2e7f2:   40 f8 48 8b 05 b5 39 11 00 48 63 48 18 48 8b 40
0x00007ffdb9d2e802:   10 48 03 c9 8b 4c c8 f8 e8 f1 af ff ff 48 8b 15
0x00007ffdb9d2e812:   9a 39 11 00 84 c0 75 1f 48 63 4a 18 48 8b 42 10
0x00007ffdb9d2e822:   48 03 c9 8b 4c c8 f8 01 0d a9 39 11 00 ff 42 18
0x00007ffdb9d2e832:   48 8b 15 77 39 11 00 81 7a 18 00 01 00 00 7c 0f
0x00007ffdb9d2e842:   48 8b ca e8 16 b5 ff ff 48 8b 15 5f 39 11 00 48
0x00007ffdb9d2e852:   63 4a 18 48 8b 42 10 48 03 c9 89 5c c8 fc 48 8b
0x00007ffdb9d2e862:   05 49 39 11 00 48 63 48 18 48 8b 40 10 48 03 c9
0x00007ffdb9d2e872:   c7 44 c8 f4 00 00 00 00 48 83 c4 20 5b c3 41 83 


Stack slot to memory mapping:
stack at sp + 0 slots: 0x0 is NULL
stack at sp + 1 slots: 0x0 is NULL
stack at sp + 2 slots: 0x000001bc60c7fe00 points into unknown readable memory: 0x0000000000000000 | 00 00 00 00 00 00 00 00
stack at sp + 3 slots: 0x0 is NULL
stack at sp + 4 slots: 0x0000000000000004 is an unknown value
stack at sp + 5 slots: 0x00007ffdb9d32f93 jniRaylib.dll
stack at sp + 6 slots: 0x0000000040800000 is an unknown value
stack at sp + 7 slots: 0x00007ffd6a884400 jvm.dll


---------------  P R O C E S S  ---------------

Threads class SMR info:
_java_thread_list=0x000001bc64125eb0, length=19, elements={
0x000001bc3bc46000, 0x000001bc60ba1800, 0x000001bc60baa800, 0x000001bc60bf5800,
0x000001bc60bf7000, 0x000001bc60bf8000, 0x000001bc60bfb800, 0x000001bc60bfe800,
0x000001bc60c0d000, 0x000001bc60d82000, 0x000001bc60e5c800, 0x000001bc61063800,
0x000001bc60e7e000, 0x000001bc6107c800, 0x000001bc613a8000, 0x000001bc6115e800,
0x000001bc61bac800, 0x000001bc623ca800, 0x000001bc63755000
}

Java Threads: ( => current thread )
=>0x000001bc3bc46000 JavaThread "main" [_thread_in_native, id=30140, stack(0x0000006f9f300000,0x0000006f9f400000)]
  0x000001bc60ba1800 JavaThread "Reference Handler" daemon [_thread_blocked, id=29660, stack(0x0000006f9fa00000,0x0000006f9fb00000)]
  0x000001bc60baa800 JavaThread "Finalizer" daemon [_thread_blocked, id=15128, stack(0x0000006f9fb00000,0x0000006f9fc00000)]
  0x000001bc60bf5800 JavaThread "Signal Dispatcher" daemon [_thread_blocked, id=10920, stack(0x0000006f9fc00000,0x0000006f9fd00000)]
  0x000001bc60bf7000 JavaThread "Attach Listener" daemon [_thread_blocked, id=10140, stack(0x0000006f9fd00000,0x0000006f9fe00000)]
  0x000001bc60bf8000 JavaThread "Service Thread" daemon [_thread_blocked, id=2124, stack(0x0000006f9fe00000,0x0000006f9ff00000)]
  0x000001bc60bfb800 JavaThread "C2 CompilerThread0" daemon [_thread_blocked, id=29400, stack(0x0000006f9ff00000,0x0000006fa0000000)]
  0x000001bc60bfe800 JavaThread "C1 CompilerThread0" daemon [_thread_blocked, id=5536, stack(0x0000006fa0000000,0x0000006fa0100000)]
  0x000001bc60c0d000 JavaThread "Sweeper thread" daemon [_thread_blocked, id=4968, stack(0x0000006fa0100000,0x0000006fa0200000)]
  0x000001bc60d82000 JavaThread "Common-Cleaner" daemon [_thread_blocked, id=31684, stack(0x0000006fa0300000,0x0000006fa0400000)]
  0x000001bc60e5c800 JavaThread "C1 CompilerThread1" daemon [_thread_blocked, id=32096, stack(0x0000006fa0400000,0x0000006fa0500000)]
  0x000001bc61063800 JavaThread "C2 CompilerThread1" daemon [_thread_blocked, id=32952, stack(0x0000006fa0500000,0x0000006fa0600000)]
  0x000001bc60e7e000 JavaThread "C2 CompilerThread2" daemon [_thread_blocked, id=14752, stack(0x0000006fa0600000,0x0000006fa0700000)]
  0x000001bc6107c800 JavaThread "C1 CompilerThread2" daemon [_thread_blocked, id=9188, stack(0x0000006fa0700000,0x0000006fa0800000)]
  0x000001bc613a8000 JavaThread "C2 CompilerThread3" daemon [_thread_in_native, id=34800, stack(0x0000006fa0800000,0x0000006fa0900000)]
  0x000001bc6115e800 JavaThread "C2 CompilerThread4" daemon [_thread_in_native, id=33944, stack(0x0000006fa0900000,0x0000006fa0a00000)]
  0x000001bc61bac800 JavaThread "C2 CompilerThread5" daemon [_thread_blocked, id=17568, stack(0x0000006fa0a00000,0x0000006fa0b00000)]
  0x000001bc623ca800 JavaThread "C2 CompilerThread6" daemon [_thread_blocked, id=9952, stack(0x0000006fa0b00000,0x0000006fa0c00000)]
  0x000001bc63755000 JavaThread "JavaCPP Deallocator" daemon [_thread_blocked, id=28524, stack(0x0000006fa1100000,0x0000006fa1200000)]

Other Threads:
  0x000001bc602f2800 VMThread "VM Thread" [stack: 0x0000006f9f900000,0x0000006f9fa00000] [id=30908]
  0x000001bc60d7d800 WatcherThread [stack: 0x0000006fa0200000,0x0000006fa0300000] [id=1580]
  0x000001bc3bc60800 GCTaskThread "GC Thread#0" [stack: 0x0000006f9f400000,0x0000006f9f500000] [id=2096]
  0x000001bc631ce800 GCTaskThread "GC Thread#1" [stack: 0x0000006fa0c00000,0x0000006fa0d00000] [id=24652]
  0x000001bc62cdb000 GCTaskThread "GC Thread#2" [stack: 0x0000006fa0d00000,0x0000006fa0e00000] [id=29320]
  0x000001bc638ae000 GCTaskThread "GC Thread#3" [stack: 0x0000006fa0e00000,0x0000006fa0f00000] [id=31884]
  0x000001bc63d89000 GCTaskThread "GC Thread#4" [stack: 0x0000006fa0f00000,0x0000006fa1000000] [id=19184]
  0x000001bc62713800 GCTaskThread "GC Thread#5" [stack: 0x0000006fa1000000,0x0000006fa1100000] [id=32804]
  0x000001bc3bcbb800 ConcurrentGCThread "G1 Main Marker" [stack: 0x0000006f9f500000,0x0000006f9f600000] [id=26824]
  0x000001bc3bcbf800 ConcurrentGCThread "G1 Conc#0" [stack: 0x0000006f9f600000,0x0000006f9f700000] [id=25324]
  0x000001bc601d7800 ConcurrentGCThread "G1 Refine#0" [stack: 0x0000006f9f700000,0x0000006f9f800000] [id=24936]
  0x000001bc601d8800 ConcurrentGCThread "G1 Young RemSet Sampling" [stack: 0x0000006f9f800000,0x0000006f9f900000] [id=5640]

Threads with active compile tasks:
C2 CompilerThread3      934  571       4       java.lang.CompoundEnumeration::next (58 bytes)
C2 CompilerThread4      934  576       4       java.lang.CompoundEnumeration::hasMoreElements (5 bytes)

VM state:not at safepoint (normal execution)

VM Mutex/Monitor currently owned by a thread: None

Heap address: 0x0000000704e00000, size: 4018 MB, Compressed Oops mode: Zero based, Oop shift amount: 3
Narrow klass base: 0x0000000800000000, Narrow klass shift: 0
Compressed class space size: 1073741824 Address: 0x0000000800000000

Heap:
 garbage-first heap   total 258048K, used 3025K [0x0000000704e00000, 0x0000000800000000)
  region size 1024K, 4 young (4096K), 1 survivors (1024K)
 Metaspace       used 8553K, capacity 8716K, committed 9088K, reserved 1056768K
  class space    used 716K, capacity 775K, committed 896K, reserved 1048576K
Heap Regions: E=young(eden), S=young(survivor), O=old, HS=humongous(starts), HC=humongous(continues), CS=collection set, F=free, A=archive, TAMS=top-at-mark-start (previous, next)
|   0|0x0000000704e00000, 0x0000000704e00000, 0x0000000704f00000|  0%| F|  |TAMS 0x0000000704e00000, 0x0000000704e00000| Untracked 
|   1|0x0000000704f00000, 0x0000000704f00000, 0x0000000705000000|  0%| F|  |TAMS 0x0000000704f00000, 0x0000000704f00000| Untracked 
|   2|0x0000000705000000, 0x0000000705000000, 0x0000000705100000|  0%| F|  |TAMS 0x0000000705000000, 0x0000000705000000| Untracked 
|   3|0x0000000705100000, 0x0000000705100000, 0x0000000705200000|  0%| F|  |TAMS 0x0000000705100000, 0x0000000705100000| Untracked 
|   4|0x0000000705200000, 0x0000000705200000, 0x0000000705300000|  0%| F|  |TAMS 0x0000000705200000, 0x0000000705200000| Untracked 
|   5|0x0000000705300000, 0x0000000705300000, 0x0000000705400000|  0%| F|  |TAMS 0x0000000705300000, 0x0000000705300000| Untracked 
|   6|0x0000000705400000, 0x0000000705400000, 0x0000000705500000|  0%| F|  |TAMS 0x0000000705400000, 0x0000000705400000| Untracked 
|   7|0x0000000705500000, 0x0000000705500000, 0x0000000705600000|  0%| F|  |TAMS 0x0000000705500000, 0x0000000705500000| Untracked 
|   8|0x0000000705600000, 0x0000000705600000, 0x0000000705700000|  0%| F|  |TAMS 0x0000000705600000, 0x0000000705600000| Untracked 
|   9|0x0000000705700000, 0x0000000705700000, 0x0000000705800000|  0%| F|  |TAMS 0x0000000705700000, 0x0000000705700000| Untracked 
|  10|0x0000000705800000, 0x0000000705800000, 0x0000000705900000|  0%| F|  |TAMS 0x0000000705800000, 0x0000000705800000| Untracked 
|  11|0x0000000705900000, 0x0000000705900000, 0x0000000705a00000|  0%| F|  |TAMS 0x0000000705900000, 0x0000000705900000| Untracked 
|  12|0x0000000705a00000, 0x0000000705a00000, 0x0000000705b00000|  0%| F|  |TAMS 0x0000000705a00000, 0x0000000705a00000| Untracked 
|  13|0x0000000705b00000, 0x0000000705b00000, 0x0000000705c00000|  0%| F|  |TAMS 0x0000000705b00000, 0x0000000705b00000| Untracked 
|  14|0x0000000705c00000, 0x0000000705c00000, 0x0000000705d00000|  0%| F|  |TAMS 0x0000000705c00000, 0x0000000705c00000| Untracked 
|  15|0x0000000705d00000, 0x0000000705d00000, 0x0000000705e00000|  0%| F|  |TAMS 0x0000000705d00000, 0x0000000705d00000| Untracked 
|  16|0x0000000705e00000, 0x0000000705e00000, 0x0000000705f00000|  0%| F|  |TAMS 0x0000000705e00000, 0x0000000705e00000| Untracked 
|  17|0x0000000705f00000, 0x0000000705f00000, 0x0000000706000000|  0%| F|  |TAMS 0x0000000705f00000, 0x0000000705f00000| Untracked 
|  18|0x0000000706000000, 0x0000000706000000, 0x0000000706100000|  0%| F|  |TAMS 0x0000000706000000, 0x0000000706000000| Untracked 
|  19|0x0000000706100000, 0x0000000706100000, 0x0000000706200000|  0%| F|  |TAMS 0x0000000706100000, 0x0000000706100000| Untracked 
|  20|0x0000000706200000, 0x0000000706200000, 0x0000000706300000|  0%| F|  |TAMS 0x0000000706200000, 0x0000000706200000| Untracked 
|  21|0x0000000706300000, 0x0000000706300000, 0x0000000706400000|  0%| F|  |TAMS 0x0000000706300000, 0x0000000706300000| Untracked 
|  22|0x0000000706400000, 0x0000000706400000, 0x0000000706500000|  0%| F|  |TAMS 0x0000000706400000, 0x0000000706400000| Untracked 
|  23|0x0000000706500000, 0x0000000706500000, 0x0000000706600000|  0%| F|  |TAMS 0x0000000706500000, 0x0000000706500000| Untracked 
|  24|0x0000000706600000, 0x0000000706600000, 0x0000000706700000|  0%| F|  |TAMS 0x0000000706600000, 0x0000000706600000| Untracked 
|  25|0x0000000706700000, 0x0000000706700000, 0x0000000706800000|  0%| F|  |TAMS 0x0000000706700000, 0x0000000706700000| Untracked 
|  26|0x0000000706800000, 0x0000000706800000, 0x0000000706900000|  0%| F|  |TAMS 0x0000000706800000, 0x0000000706800000| Untracked 
|  27|0x0000000706900000, 0x0000000706900000, 0x0000000706a00000|  0%| F|  |TAMS 0x0000000706900000, 0x0000000706900000| Untracked 
|  28|0x0000000706a00000, 0x0000000706a00000, 0x0000000706b00000|  0%| F|  |TAMS 0x0000000706a00000, 0x0000000706a00000| Untracked 
|  29|0x0000000706b00000, 0x0000000706b00000, 0x0000000706c00000|  0%| F|  |TAMS 0x0000000706b00000, 0x0000000706b00000| Untracked 
|  30|0x0000000706c00000, 0x0000000706c00000, 0x0000000706d00000|  0%| F|  |TAMS 0x0000000706c00000, 0x0000000706c00000| Untracked 
|  31|0x0000000706d00000, 0x0000000706d00000, 0x0000000706e00000|  0%| F|  |TAMS 0x0000000706d00000, 0x0000000706d00000| Untracked 
|  32|0x0000000706e00000, 0x0000000706e00000, 0x0000000706f00000|  0%| F|  |TAMS 0x0000000706e00000, 0x0000000706e00000| Untracked 
|  33|0x0000000706f00000, 0x0000000706f00000, 0x0000000707000000|  0%| F|  |TAMS 0x0000000706f00000, 0x0000000706f00000| Untracked 
|  34|0x0000000707000000, 0x0000000707000000, 0x0000000707100000|  0%| F|  |TAMS 0x0000000707000000, 0x0000000707000000| Untracked 
|  35|0x0000000707100000, 0x0000000707100000, 0x0000000707200000|  0%| F|  |TAMS 0x0000000707100000, 0x0000000707100000| Untracked 
|  36|0x0000000707200000, 0x0000000707200000, 0x0000000707300000|  0%| F|  |TAMS 0x0000000707200000, 0x0000000707200000| Untracked 
|  37|0x0000000707300000, 0x0000000707300000, 0x0000000707400000|  0%| F|  |TAMS 0x0000000707300000, 0x0000000707300000| Untracked 
|  38|0x0000000707400000, 0x0000000707400000, 0x0000000707500000|  0%| F|  |TAMS 0x0000000707400000, 0x0000000707400000| Untracked 
|  39|0x0000000707500000, 0x0000000707500000, 0x0000000707600000|  0%| F|  |TAMS 0x0000000707500000, 0x0000000707500000| Untracked 
|  40|0x0000000707600000, 0x0000000707600000, 0x0000000707700000|  0%| F|  |TAMS 0x0000000707600000, 0x0000000707600000| Untracked 
|  41|0x0000000707700000, 0x0000000707700000, 0x0000000707800000|  0%| F|  |TAMS 0x0000000707700000, 0x0000000707700000| Untracked 
|  42|0x0000000707800000, 0x0000000707800000, 0x0000000707900000|  0%| F|  |TAMS 0x0000000707800000, 0x0000000707800000| Untracked 
|  43|0x0000000707900000, 0x0000000707900000, 0x0000000707a00000|  0%| F|  |TAMS 0x0000000707900000, 0x0000000707900000| Untracked 
|  44|0x0000000707a00000, 0x0000000707a00000, 0x0000000707b00000|  0%| F|  |TAMS 0x0000000707a00000, 0x0000000707a00000| Untracked 
|  45|0x0000000707b00000, 0x0000000707b00000, 0x0000000707c00000|  0%| F|  |TAMS 0x0000000707b00000, 0x0000000707b00000| Untracked 
|  46|0x0000000707c00000, 0x0000000707c00000, 0x0000000707d00000|  0%| F|  |TAMS 0x0000000707c00000, 0x0000000707c00000| Untracked 
|  47|0x0000000707d00000, 0x0000000707d00000, 0x0000000707e00000|  0%| F|  |TAMS 0x0000000707d00000, 0x0000000707d00000| Untracked 
|  48|0x0000000707e00000, 0x0000000707e00000, 0x0000000707f00000|  0%| F|  |TAMS 0x0000000707e00000, 0x0000000707e00000| Untracked 
|  49|0x0000000707f00000, 0x0000000707f00000, 0x0000000708000000|  0%| F|  |TAMS 0x0000000707f00000, 0x0000000707f00000| Untracked 
|  50|0x0000000708000000, 0x0000000708000000, 0x0000000708100000|  0%| F|  |TAMS 0x0000000708000000, 0x0000000708000000| Untracked 
|  51|0x0000000708100000, 0x0000000708100000, 0x0000000708200000|  0%| F|  |TAMS 0x0000000708100000, 0x0000000708100000| Untracked 
|  52|0x0000000708200000, 0x0000000708200000, 0x0000000708300000|  0%| F|  |TAMS 0x0000000708200000, 0x0000000708200000| Untracked 
|  53|0x0000000708300000, 0x0000000708300000, 0x0000000708400000|  0%| F|  |TAMS 0x0000000708300000, 0x0000000708300000| Untracked 
|  54|0x0000000708400000, 0x0000000708400000, 0x0000000708500000|  0%| F|  |TAMS 0x0000000708400000, 0x0000000708400000| Untracked 
|  55|0x0000000708500000, 0x0000000708500000, 0x0000000708600000|  0%| F|  |TAMS 0x0000000708500000, 0x0000000708500000| Untracked 
|  56|0x0000000708600000, 0x0000000708600000, 0x0000000708700000|  0%| F|  |TAMS 0x0000000708600000, 0x0000000708600000| Untracked 
|  57|0x0000000708700000, 0x0000000708700000, 0x0000000708800000|  0%| F|  |TAMS 0x0000000708700000, 0x0000000708700000| Untracked 
|  58|0x0000000708800000, 0x0000000708800000, 0x0000000708900000|  0%| F|  |TAMS 0x0000000708800000, 0x0000000708800000| Untracked 
|  59|0x0000000708900000, 0x0000000708900000, 0x0000000708a00000|  0%| F|  |TAMS 0x0000000708900000, 0x0000000708900000| Untracked 
|  60|0x0000000708a00000, 0x0000000708a00000, 0x0000000708b00000|  0%| F|  |TAMS 0x0000000708a00000, 0x0000000708a00000| Untracked 
|  61|0x0000000708b00000, 0x0000000708b00000, 0x0000000708c00000|  0%| F|  |TAMS 0x0000000708b00000, 0x0000000708b00000| Untracked 
|  62|0x0000000708c00000, 0x0000000708c00000, 0x0000000708d00000|  0%| F|  |TAMS 0x0000000708c00000, 0x0000000708c00000| Untracked 
|  63|0x0000000708d00000, 0x0000000708d00000, 0x0000000708e00000|  0%| F|  |TAMS 0x0000000708d00000, 0x0000000708d00000| Untracked 
|  64|0x0000000708e00000, 0x0000000708e00000, 0x0000000708f00000|  0%| F|  |TAMS 0x0000000708e00000, 0x0000000708e00000| Untracked 
|  65|0x0000000708f00000, 0x0000000708f00000, 0x0000000709000000|  0%| F|  |TAMS 0x0000000708f00000, 0x0000000708f00000| Untracked 
|  66|0x0000000709000000, 0x0000000709000000, 0x0000000709100000|  0%| F|  |TAMS 0x0000000709000000, 0x0000000709000000| Untracked 
|  67|0x0000000709100000, 0x0000000709100000, 0x0000000709200000|  0%| F|  |TAMS 0x0000000709100000, 0x0000000709100000| Untracked 
|  68|0x0000000709200000, 0x0000000709200000, 0x0000000709300000|  0%| F|  |TAMS 0x0000000709200000, 0x0000000709200000| Untracked 
|  69|0x0000000709300000, 0x0000000709300000, 0x0000000709400000|  0%| F|  |TAMS 0x0000000709300000, 0x0000000709300000| Untracked 
|  70|0x0000000709400000, 0x0000000709400000, 0x0000000709500000|  0%| F|  |TAMS 0x0000000709400000, 0x0000000709400000| Untracked 
|  71|0x0000000709500000, 0x0000000709500000, 0x0000000709600000|  0%| F|  |TAMS 0x0000000709500000, 0x0000000709500000| Untracked 
|  72|0x0000000709600000, 0x0000000709600000, 0x0000000709700000|  0%| F|  |TAMS 0x0000000709600000, 0x0000000709600000| Untracked 
|  73|0x0000000709700000, 0x0000000709700000, 0x0000000709800000|  0%| F|  |TAMS 0x0000000709700000, 0x0000000709700000| Untracked 
|  74|0x0000000709800000, 0x0000000709800000, 0x0000000709900000|  0%| F|  |TAMS 0x0000000709800000, 0x0000000709800000| Untracked 
|  75|0x0000000709900000, 0x0000000709900000, 0x0000000709a00000|  0%| F|  |TAMS 0x0000000709900000, 0x0000000709900000| Untracked 
|  76|0x0000000709a00000, 0x0000000709a00000, 0x0000000709b00000|  0%| F|  |TAMS 0x0000000709a00000, 0x0000000709a00000| Untracked 
|  77|0x0000000709b00000, 0x0000000709b00000, 0x0000000709c00000|  0%| F|  |TAMS 0x0000000709b00000, 0x0000000709b00000| Untracked 
|  78|0x0000000709c00000, 0x0000000709c00000, 0x0000000709d00000|  0%| F|  |TAMS 0x0000000709c00000, 0x0000000709c00000| Untracked 
|  79|0x0000000709d00000, 0x0000000709d00000, 0x0000000709e00000|  0%| F|  |TAMS 0x0000000709d00000, 0x0000000709d00000| Untracked 
|  80|0x0000000709e00000, 0x0000000709e00000, 0x0000000709f00000|  0%| F|  |TAMS 0x0000000709e00000, 0x0000000709e00000| Untracked 
|  81|0x0000000709f00000, 0x0000000709f00000, 0x000000070a000000|  0%| F|  |TAMS 0x0000000709f00000, 0x0000000709f00000| Untracked 
|  82|0x000000070a000000, 0x000000070a000000, 0x000000070a100000|  0%| F|  |TAMS 0x000000070a000000, 0x000000070a000000| Untracked 
|  83|0x000000070a100000, 0x000000070a100000, 0x000000070a200000|  0%| F|  |TAMS 0x000000070a100000, 0x000000070a100000| Untracked 
|  84|0x000000070a200000, 0x000000070a200000, 0x000000070a300000|  0%| F|  |TAMS 0x000000070a200000, 0x000000070a200000| Untracked 
|  85|0x000000070a300000, 0x000000070a300000, 0x000000070a400000|  0%| F|  |TAMS 0x000000070a300000, 0x000000070a300000| Untracked 
|  86|0x000000070a400000, 0x000000070a400000, 0x000000070a500000|  0%| F|  |TAMS 0x000000070a400000, 0x000000070a400000| Untracked 
|  87|0x000000070a500000, 0x000000070a500000, 0x000000070a600000|  0%| F|  |TAMS 0x000000070a500000, 0x000000070a500000| Untracked 
|  88|0x000000070a600000, 0x000000070a600000, 0x000000070a700000|  0%| F|  |TAMS 0x000000070a600000, 0x000000070a600000| Untracked 
|  89|0x000000070a700000, 0x000000070a700000, 0x000000070a800000|  0%| F|  |TAMS 0x000000070a700000, 0x000000070a700000| Untracked 
|  90|0x000000070a800000, 0x000000070a800000, 0x000000070a900000|  0%| F|  |TAMS 0x000000070a800000, 0x000000070a800000| Untracked 
|  91|0x000000070a900000, 0x000000070a900000, 0x000000070aa00000|  0%| F|  |TAMS 0x000000070a900000, 0x000000070a900000| Untracked 
|  92|0x000000070aa00000, 0x000000070aa00000, 0x000000070ab00000|  0%| F|  |TAMS 0x000000070aa00000, 0x000000070aa00000| Untracked 
|  93|0x000000070ab00000, 0x000000070ab00000, 0x000000070ac00000|  0%| F|  |TAMS 0x000000070ab00000, 0x000000070ab00000| Untracked 
|  94|0x000000070ac00000, 0x000000070ac00000, 0x000000070ad00000|  0%| F|  |TAMS 0x000000070ac00000, 0x000000070ac00000| Untracked 
|  95|0x000000070ad00000, 0x000000070ad00000, 0x000000070ae00000|  0%| F|  |TAMS 0x000000070ad00000, 0x000000070ad00000| Untracked 
|  96|0x000000070ae00000, 0x000000070ae00000, 0x000000070af00000|  0%| F|  |TAMS 0x000000070ae00000, 0x000000070ae00000| Untracked 
|  97|0x000000070af00000, 0x000000070af00000, 0x000000070b000000|  0%| F|  |TAMS 0x000000070af00000, 0x000000070af00000| Untracked 
|  98|0x000000070b000000, 0x000000070b000000, 0x000000070b100000|  0%| F|  |TAMS 0x000000070b000000, 0x000000070b000000| Untracked 
|  99|0x000000070b100000, 0x000000070b100000, 0x000000070b200000|  0%| F|  |TAMS 0x000000070b100000, 0x000000070b100000| Untracked 
| 100|0x000000070b200000, 0x000000070b200000, 0x000000070b300000|  0%| F|  |TAMS 0x000000070b200000, 0x000000070b200000| Untracked 
| 101|0x000000070b300000, 0x000000070b300000, 0x000000070b400000|  0%| F|  |TAMS 0x000000070b300000, 0x000000070b300000| Untracked 
| 102|0x000000070b400000, 0x000000070b400000, 0x000000070b500000|  0%| F|  |TAMS 0x000000070b400000, 0x000000070b400000| Untracked 
| 103|0x000000070b500000, 0x000000070b500000, 0x000000070b600000|  0%| F|  |TAMS 0x000000070b500000, 0x000000070b500000| Untracked 
| 104|0x000000070b600000, 0x000000070b600000, 0x000000070b700000|  0%| F|  |TAMS 0x000000070b600000, 0x000000070b600000| Untracked 
| 105|0x000000070b700000, 0x000000070b700000, 0x000000070b800000|  0%| F|  |TAMS 0x000000070b700000, 0x000000070b700000| Untracked 
| 106|0x000000070b800000, 0x000000070b800000, 0x000000070b900000|  0%| F|  |TAMS 0x000000070b800000, 0x000000070b800000| Untracked 
| 107|0x000000070b900000, 0x000000070b900000, 0x000000070ba00000|  0%| F|  |TAMS 0x000000070b900000, 0x000000070b900000| Untracked 
| 108|0x000000070ba00000, 0x000000070ba00000, 0x000000070bb00000|  0%| F|  |TAMS 0x000000070ba00000, 0x000000070ba00000| Untracked 
| 109|0x000000070bb00000, 0x000000070bb00000, 0x000000070bc00000|  0%| F|  |TAMS 0x000000070bb00000, 0x000000070bb00000| Untracked 
| 110|0x000000070bc00000, 0x000000070bc00000, 0x000000070bd00000|  0%| F|  |TAMS 0x000000070bc00000, 0x000000070bc00000| Untracked 
| 111|0x000000070bd00000, 0x000000070bd00000, 0x000000070be00000|  0%| F|  |TAMS 0x000000070bd00000, 0x000000070bd00000| Untracked 
| 112|0x000000070be00000, 0x000000070be00000, 0x000000070bf00000|  0%| F|  |TAMS 0x000000070be00000, 0x000000070be00000| Untracked 
| 113|0x000000070bf00000, 0x000000070bf00000, 0x000000070c000000|  0%| F|  |TAMS 0x000000070bf00000, 0x000000070bf00000| Untracked 
| 114|0x000000070c000000, 0x000000070c000000, 0x000000070c100000|  0%| F|  |TAMS 0x000000070c000000, 0x000000070c000000| Untracked 
| 115|0x000000070c100000, 0x000000070c100000, 0x000000070c200000|  0%| F|  |TAMS 0x000000070c100000, 0x000000070c100000| Untracked 
| 116|0x000000070c200000, 0x000000070c200000, 0x000000070c300000|  0%| F|  |TAMS 0x000000070c200000, 0x000000070c200000| Untracked 
| 117|0x000000070c300000, 0x000000070c300000, 0x000000070c400000|  0%| F|  |TAMS 0x000000070c300000, 0x000000070c300000| Untracked 
| 118|0x000000070c400000, 0x000000070c400000, 0x000000070c500000|  0%| F|  |TAMS 0x000000070c400000, 0x000000070c400000| Untracked 
| 119|0x000000070c500000, 0x000000070c500000, 0x000000070c600000|  0%| F|  |TAMS 0x000000070c500000, 0x000000070c500000| Untracked 
| 120|0x000000070c600000, 0x000000070c600000, 0x000000070c700000|  0%| F|  |TAMS 0x000000070c600000, 0x000000070c600000| Untracked 
| 121|0x000000070c700000, 0x000000070c700000, 0x000000070c800000|  0%| F|  |TAMS 0x000000070c700000, 0x000000070c700000| Untracked 
| 122|0x000000070c800000, 0x000000070c800000, 0x000000070c900000|  0%| F|  |TAMS 0x000000070c800000, 0x000000070c800000| Untracked 
| 123|0x000000070c900000, 0x000000070c900000, 0x000000070ca00000|  0%| F|  |TAMS 0x000000070c900000, 0x000000070c900000| Untracked 
| 124|0x000000070ca00000, 0x000000070ca00000, 0x000000070cb00000|  0%| F|  |TAMS 0x000000070ca00000, 0x000000070ca00000| Untracked 
| 125|0x000000070cb00000, 0x000000070cb00000, 0x000000070cc00000|  0%| F|  |TAMS 0x000000070cb00000, 0x000000070cb00000| Untracked 
| 126|0x000000070cc00000, 0x000000070cc00000, 0x000000070cd00000|  0%| F|  |TAMS 0x000000070cc00000, 0x000000070cc00000| Untracked 
| 127|0x000000070cd00000, 0x000000070cd00000, 0x000000070ce00000|  0%| F|  |TAMS 0x000000070cd00000, 0x000000070cd00000| Untracked 
| 128|0x000000070ce00000, 0x000000070ce00000, 0x000000070cf00000|  0%| F|  |TAMS 0x000000070ce00000, 0x000000070ce00000| Untracked 
| 129|0x000000070cf00000, 0x000000070cf00000, 0x000000070d000000|  0%| F|  |TAMS 0x000000070cf00000, 0x000000070cf00000| Untracked 
| 130|0x000000070d000000, 0x000000070d000000, 0x000000070d100000|  0%| F|  |TAMS 0x000000070d000000, 0x000000070d000000| Untracked 
| 131|0x000000070d100000, 0x000000070d100000, 0x000000070d200000|  0%| F|  |TAMS 0x000000070d100000, 0x000000070d100000| Untracked 
| 132|0x000000070d200000, 0x000000070d200000, 0x000000070d300000|  0%| F|  |TAMS 0x000000070d200000, 0x000000070d200000| Untracked 
| 133|0x000000070d300000, 0x000000070d300000, 0x000000070d400000|  0%| F|  |TAMS 0x000000070d300000, 0x000000070d300000| Untracked 
| 134|0x000000070d400000, 0x000000070d400000, 0x000000070d500000|  0%| F|  |TAMS 0x000000070d400000, 0x000000070d400000| Untracked 
| 135|0x000000070d500000, 0x000000070d500000, 0x000000070d600000|  0%| F|  |TAMS 0x000000070d500000, 0x000000070d500000| Untracked 
| 136|0x000000070d600000, 0x000000070d600000, 0x000000070d700000|  0%| F|  |TAMS 0x000000070d600000, 0x000000070d600000| Untracked 
| 137|0x000000070d700000, 0x000000070d700000, 0x000000070d800000|  0%| F|  |TAMS 0x000000070d700000, 0x000000070d700000| Untracked 
| 138|0x000000070d800000, 0x000000070d800000, 0x000000070d900000|  0%| F|  |TAMS 0x000000070d800000, 0x000000070d800000| Untracked 
| 139|0x000000070d900000, 0x000000070d900000, 0x000000070da00000|  0%| F|  |TAMS 0x000000070d900000, 0x000000070d900000| Untracked 
| 140|0x000000070da00000, 0x000000070da00000, 0x000000070db00000|  0%| F|  |TAMS 0x000000070da00000, 0x000000070da00000| Untracked 
| 141|0x000000070db00000, 0x000000070db00000, 0x000000070dc00000|  0%| F|  |TAMS 0x000000070db00000, 0x000000070db00000| Untracked 
| 142|0x000000070dc00000, 0x000000070dc00000, 0x000000070dd00000|  0%| F|  |TAMS 0x000000070dc00000, 0x000000070dc00000| Untracked 
| 143|0x000000070dd00000, 0x000000070dd00000, 0x000000070de00000|  0%| F|  |TAMS 0x000000070dd00000, 0x000000070dd00000| Untracked 
| 144|0x000000070de00000, 0x000000070de00000, 0x000000070df00000|  0%| F|  |TAMS 0x000000070de00000, 0x000000070de00000| Untracked 
| 145|0x000000070df00000, 0x000000070df00000, 0x000000070e000000|  0%| F|  |TAMS 0x000000070df00000, 0x000000070df00000| Untracked 
| 146|0x000000070e000000, 0x000000070e000000, 0x000000070e100000|  0%| F|  |TAMS 0x000000070e000000, 0x000000070e000000| Untracked 
| 147|0x000000070e100000, 0x000000070e100000, 0x000000070e200000|  0%| F|  |TAMS 0x000000070e100000, 0x000000070e100000| Untracked 
| 148|0x000000070e200000, 0x000000070e200000, 0x000000070e300000|  0%| F|  |TAMS 0x000000070e200000, 0x000000070e200000| Untracked 
| 149|0x000000070e300000, 0x000000070e300000, 0x000000070e400000|  0%| F|  |TAMS 0x000000070e300000, 0x000000070e300000| Untracked 
| 150|0x000000070e400000, 0x000000070e400000, 0x000000070e500000|  0%| F|  |TAMS 0x000000070e400000, 0x000000070e400000| Untracked 
| 151|0x000000070e500000, 0x000000070e500000, 0x000000070e600000|  0%| F|  |TAMS 0x000000070e500000, 0x000000070e500000| Untracked 
| 152|0x000000070e600000, 0x000000070e600000, 0x000000070e700000|  0%| F|  |TAMS 0x000000070e600000, 0x000000070e600000| Untracked 
| 153|0x000000070e700000, 0x000000070e700000, 0x000000070e800000|  0%| F|  |TAMS 0x000000070e700000, 0x000000070e700000| Untracked 
| 154|0x000000070e800000, 0x000000070e800000, 0x000000070e900000|  0%| F|  |TAMS 0x000000070e800000, 0x000000070e800000| Untracked 
| 155|0x000000070e900000, 0x000000070e900000, 0x000000070ea00000|  0%| F|  |TAMS 0x000000070e900000, 0x000000070e900000| Untracked 
| 156|0x000000070ea00000, 0x000000070ea00000, 0x000000070eb00000|  0%| F|  |TAMS 0x000000070ea00000, 0x000000070ea00000| Untracked 
| 157|0x000000070eb00000, 0x000000070eb00000, 0x000000070ec00000|  0%| F|  |TAMS 0x000000070eb00000, 0x000000070eb00000| Untracked 
| 158|0x000000070ec00000, 0x000000070ec00000, 0x000000070ed00000|  0%| F|  |TAMS 0x000000070ec00000, 0x000000070ec00000| Untracked 
| 159|0x000000070ed00000, 0x000000070ed00000, 0x000000070ee00000|  0%| F|  |TAMS 0x000000070ed00000, 0x000000070ed00000| Untracked 
| 160|0x000000070ee00000, 0x000000070ee00000, 0x000000070ef00000|  0%| F|  |TAMS 0x000000070ee00000, 0x000000070ee00000| Untracked 
| 161|0x000000070ef00000, 0x000000070ef00000, 0x000000070f000000|  0%| F|  |TAMS 0x000000070ef00000, 0x000000070ef00000| Untracked 
| 162|0x000000070f000000, 0x000000070f000000, 0x000000070f100000|  0%| F|  |TAMS 0x000000070f000000, 0x000000070f000000| Untracked 
| 163|0x000000070f100000, 0x000000070f100000, 0x000000070f200000|  0%| F|  |TAMS 0x000000070f100000, 0x000000070f100000| Untracked 
| 164|0x000000070f200000, 0x000000070f200000, 0x000000070f300000|  0%| F|  |TAMS 0x000000070f200000, 0x000000070f200000| Untracked 
| 165|0x000000070f300000, 0x000000070f300000, 0x000000070f400000|  0%| F|  |TAMS 0x000000070f300000, 0x000000070f300000| Untracked 
| 166|0x000000070f400000, 0x000000070f400000, 0x000000070f500000|  0%| F|  |TAMS 0x000000070f400000, 0x000000070f400000| Untracked 
| 167|0x000000070f500000, 0x000000070f500000, 0x000000070f600000|  0%| F|  |TAMS 0x000000070f500000, 0x000000070f500000| Untracked 
| 168|0x000000070f600000, 0x000000070f600000, 0x000000070f700000|  0%| F|  |TAMS 0x000000070f600000, 0x000000070f600000| Untracked 
| 169|0x000000070f700000, 0x000000070f700000, 0x000000070f800000|  0%| F|  |TAMS 0x000000070f700000, 0x000000070f700000| Untracked 
| 170|0x000000070f800000, 0x000000070f800000, 0x000000070f900000|  0%| F|  |TAMS 0x000000070f800000, 0x000000070f800000| Untracked 
| 171|0x000000070f900000, 0x000000070f900000, 0x000000070fa00000|  0%| F|  |TAMS 0x000000070f900000, 0x000000070f900000| Untracked 
| 172|0x000000070fa00000, 0x000000070fa00000, 0x000000070fb00000|  0%| F|  |TAMS 0x000000070fa00000, 0x000000070fa00000| Untracked 
| 173|0x000000070fb00000, 0x000000070fb00000, 0x000000070fc00000|  0%| F|  |TAMS 0x000000070fb00000, 0x000000070fb00000| Untracked 
| 174|0x000000070fc00000, 0x000000070fc00000, 0x000000070fd00000|  0%| F|  |TAMS 0x000000070fc00000, 0x000000070fc00000| Untracked 
| 175|0x000000070fd00000, 0x000000070fd00000, 0x000000070fe00000|  0%| F|  |TAMS 0x000000070fd00000, 0x000000070fd00000| Untracked 
| 176|0x000000070fe00000, 0x000000070fe00000, 0x000000070ff00000|  0%| F|  |TAMS 0x000000070fe00000, 0x000000070fe00000| Untracked 
| 177|0x000000070ff00000, 0x000000070ff00000, 0x0000000710000000|  0%| F|  |TAMS 0x000000070ff00000, 0x000000070ff00000| Untracked 
| 178|0x0000000710000000, 0x0000000710000000, 0x0000000710100000|  0%| F|  |TAMS 0x0000000710000000, 0x0000000710000000| Untracked 
| 179|0x0000000710100000, 0x0000000710100000, 0x0000000710200000|  0%| F|  |TAMS 0x0000000710100000, 0x0000000710100000| Untracked 
| 180|0x0000000710200000, 0x0000000710200000, 0x0000000710300000|  0%| F|  |TAMS 0x0000000710200000, 0x0000000710200000| Untracked 
| 181|0x0000000710300000, 0x0000000710300000, 0x0000000710400000|  0%| F|  |TAMS 0x0000000710300000, 0x0000000710300000| Untracked 
| 182|0x0000000710400000, 0x0000000710400000, 0x0000000710500000|  0%| F|  |TAMS 0x0000000710400000, 0x0000000710400000| Untracked 
| 183|0x0000000710500000, 0x0000000710500000, 0x0000000710600000|  0%| F|  |TAMS 0x0000000710500000, 0x0000000710500000| Untracked 
| 184|0x0000000710600000, 0x0000000710600000, 0x0000000710700000|  0%| F|  |TAMS 0x0000000710600000, 0x0000000710600000| Untracked 
| 185|0x0000000710700000, 0x0000000710700000, 0x0000000710800000|  0%| F|  |TAMS 0x0000000710700000, 0x0000000710700000| Untracked 
| 186|0x0000000710800000, 0x0000000710800000, 0x0000000710900000|  0%| F|  |TAMS 0x0000000710800000, 0x0000000710800000| Untracked 
| 187|0x0000000710900000, 0x0000000710900000, 0x0000000710a00000|  0%| F|  |TAMS 0x0000000710900000, 0x0000000710900000| Untracked 
| 188|0x0000000710a00000, 0x0000000710a00000, 0x0000000710b00000|  0%| F|  |TAMS 0x0000000710a00000, 0x0000000710a00000| Untracked 
| 189|0x0000000710b00000, 0x0000000710b00000, 0x0000000710c00000|  0%| F|  |TAMS 0x0000000710b00000, 0x0000000710b00000| Untracked 
| 190|0x0000000710c00000, 0x0000000710c00000, 0x0000000710d00000|  0%| F|  |TAMS 0x0000000710c00000, 0x0000000710c00000| Untracked 
| 191|0x0000000710d00000, 0x0000000710d00000, 0x0000000710e00000|  0%| F|  |TAMS 0x0000000710d00000, 0x0000000710d00000| Untracked 
| 192|0x0000000710e00000, 0x0000000710e00000, 0x0000000710f00000|  0%| F|  |TAMS 0x0000000710e00000, 0x0000000710e00000| Untracked 
| 193|0x0000000710f00000, 0x0000000710f00000, 0x0000000711000000|  0%| F|  |TAMS 0x0000000710f00000, 0x0000000710f00000| Untracked 
| 194|0x0000000711000000, 0x0000000711000000, 0x0000000711100000|  0%| F|  |TAMS 0x0000000711000000, 0x0000000711000000| Untracked 
| 195|0x0000000711100000, 0x0000000711100000, 0x0000000711200000|  0%| F|  |TAMS 0x0000000711100000, 0x0000000711100000| Untracked 
| 196|0x0000000711200000, 0x0000000711200000, 0x0000000711300000|  0%| F|  |TAMS 0x0000000711200000, 0x0000000711200000| Untracked 
| 197|0x0000000711300000, 0x0000000711300000, 0x0000000711400000|  0%| F|  |TAMS 0x0000000711300000, 0x0000000711300000| Untracked 
| 198|0x0000000711400000, 0x0000000711400000, 0x0000000711500000|  0%| F|  |TAMS 0x0000000711400000, 0x0000000711400000| Untracked 
| 199|0x0000000711500000, 0x0000000711500000, 0x0000000711600000|  0%| F|  |TAMS 0x0000000711500000, 0x0000000711500000| Untracked 
| 200|0x0000000711600000, 0x0000000711600000, 0x0000000711700000|  0%| F|  |TAMS 0x0000000711600000, 0x0000000711600000| Untracked 
| 201|0x0000000711700000, 0x0000000711700000, 0x0000000711800000|  0%| F|  |TAMS 0x0000000711700000, 0x0000000711700000| Untracked 
| 202|0x0000000711800000, 0x0000000711800000, 0x0000000711900000|  0%| F|  |TAMS 0x0000000711800000, 0x0000000711800000| Untracked 
| 203|0x0000000711900000, 0x0000000711900000, 0x0000000711a00000|  0%| F|  |TAMS 0x0000000711900000, 0x0000000711900000| Untracked 
| 204|0x0000000711a00000, 0x0000000711a00000, 0x0000000711b00000|  0%| F|  |TAMS 0x0000000711a00000, 0x0000000711a00000| Untracked 
| 205|0x0000000711b00000, 0x0000000711b00000, 0x0000000711c00000|  0%| F|  |TAMS 0x0000000711b00000, 0x0000000711b00000| Untracked 
| 206|0x0000000711c00000, 0x0000000711c00000, 0x0000000711d00000|  0%| F|  |TAMS 0x0000000711c00000, 0x0000000711c00000| Untracked 
| 207|0x0000000711d00000, 0x0000000711d00000, 0x0000000711e00000|  0%| F|  |TAMS 0x0000000711d00000, 0x0000000711d00000| Untracked 
| 208|0x0000000711e00000, 0x0000000711e00000, 0x0000000711f00000|  0%| F|  |TAMS 0x0000000711e00000, 0x0000000711e00000| Untracked 
| 209|0x0000000711f00000, 0x0000000711f00000, 0x0000000712000000|  0%| F|  |TAMS 0x0000000711f00000, 0x0000000711f00000| Untracked 
| 210|0x0000000712000000, 0x0000000712000000, 0x0000000712100000|  0%| F|  |TAMS 0x0000000712000000, 0x0000000712000000| Untracked 
| 211|0x0000000712100000, 0x0000000712100000, 0x0000000712200000|  0%| F|  |TAMS 0x0000000712100000, 0x0000000712100000| Untracked 
| 212|0x0000000712200000, 0x0000000712200000, 0x0000000712300000|  0%| F|  |TAMS 0x0000000712200000, 0x0000000712200000| Untracked 
| 213|0x0000000712300000, 0x0000000712300000, 0x0000000712400000|  0%| F|  |TAMS 0x0000000712300000, 0x0000000712300000| Untracked 
| 214|0x0000000712400000, 0x0000000712400000, 0x0000000712500000|  0%| F|  |TAMS 0x0000000712400000, 0x0000000712400000| Untracked 
| 215|0x0000000712500000, 0x0000000712500000, 0x0000000712600000|  0%| F|  |TAMS 0x0000000712500000, 0x0000000712500000| Untracked 
| 216|0x0000000712600000, 0x0000000712600000, 0x0000000712700000|  0%| F|  |TAMS 0x0000000712600000, 0x0000000712600000| Untracked 
| 217|0x0000000712700000, 0x0000000712700000, 0x0000000712800000|  0%| F|  |TAMS 0x0000000712700000, 0x0000000712700000| Untracked 
| 218|0x0000000712800000, 0x0000000712800000, 0x0000000712900000|  0%| F|  |TAMS 0x0000000712800000, 0x0000000712800000| Untracked 
| 219|0x0000000712900000, 0x0000000712900000, 0x0000000712a00000|  0%| F|  |TAMS 0x0000000712900000, 0x0000000712900000| Untracked 
| 220|0x0000000712a00000, 0x0000000712a00000, 0x0000000712b00000|  0%| F|  |TAMS 0x0000000712a00000, 0x0000000712a00000| Untracked 
| 221|0x0000000712b00000, 0x0000000712b00000, 0x0000000712c00000|  0%| F|  |TAMS 0x0000000712b00000, 0x0000000712b00000| Untracked 
| 222|0x0000000712c00000, 0x0000000712c00000, 0x0000000712d00000|  0%| F|  |TAMS 0x0000000712c00000, 0x0000000712c00000| Untracked 
| 223|0x0000000712d00000, 0x0000000712d00000, 0x0000000712e00000|  0%| F|  |TAMS 0x0000000712d00000, 0x0000000712d00000| Untracked 
| 224|0x0000000712e00000, 0x0000000712e00000, 0x0000000712f00000|  0%| F|  |TAMS 0x0000000712e00000, 0x0000000712e00000| Untracked 
| 225|0x0000000712f00000, 0x0000000712f00000, 0x0000000713000000|  0%| F|  |TAMS 0x0000000712f00000, 0x0000000712f00000| Untracked 
| 226|0x0000000713000000, 0x0000000713000000, 0x0000000713100000|  0%| F|  |TAMS 0x0000000713000000, 0x0000000713000000| Untracked 
| 227|0x0000000713100000, 0x00000007131f4600, 0x0000000713200000| 95%| S|CS|TAMS 0x0000000713100000, 0x0000000713100000| Complete 
| 228|0x0000000713200000, 0x0000000713200000, 0x0000000713300000|  0%| F|  |TAMS 0x0000000713200000, 0x0000000713200000| Untracked 
| 229|0x0000000713300000, 0x0000000713300000, 0x0000000713400000|  0%| F|  |TAMS 0x0000000713300000, 0x0000000713300000| Untracked 
| 230|0x0000000713400000, 0x0000000713400000, 0x0000000713500000|  0%| F|  |TAMS 0x0000000713400000, 0x0000000713400000| Untracked 
| 231|0x0000000713500000, 0x0000000713500000, 0x0000000713600000|  0%| F|  |TAMS 0x0000000713500000, 0x0000000713500000| Untracked 
| 232|0x0000000713600000, 0x0000000713600000, 0x0000000713700000|  0%| F|  |TAMS 0x0000000713600000, 0x0000000713600000| Untracked 
| 233|0x0000000713700000, 0x0000000713700000, 0x0000000713800000|  0%| F|  |TAMS 0x0000000713700000, 0x0000000713700000| Untracked 
| 234|0x0000000713800000, 0x0000000713800000, 0x0000000713900000|  0%| F|  |TAMS 0x0000000713800000, 0x0000000713800000| Untracked 
| 235|0x0000000713900000, 0x0000000713900000, 0x0000000713a00000|  0%| F|  |TAMS 0x0000000713900000, 0x0000000713900000| Untracked 
| 236|0x0000000713a00000, 0x0000000713a00000, 0x0000000713b00000|  0%| F|  |TAMS 0x0000000713a00000, 0x0000000713a00000| Untracked 
| 237|0x0000000713b00000, 0x0000000713b00000, 0x0000000713c00000|  0%| F|  |TAMS 0x0000000713b00000, 0x0000000713b00000| Untracked 
| 238|0x0000000713c00000, 0x0000000713c00000, 0x0000000713d00000|  0%| F|  |TAMS 0x0000000713c00000, 0x0000000713c00000| Untracked 
| 239|0x0000000713d00000, 0x0000000713d00000, 0x0000000713e00000|  0%| F|  |TAMS 0x0000000713d00000, 0x0000000713d00000| Untracked 
| 240|0x0000000713e00000, 0x0000000713e00000, 0x0000000713f00000|  0%| F|  |TAMS 0x0000000713e00000, 0x0000000713e00000| Untracked 
| 241|0x0000000713f00000, 0x0000000713f00000, 0x0000000714000000|  0%| F|  |TAMS 0x0000000713f00000, 0x0000000713f00000| Untracked 
| 242|0x0000000714000000, 0x0000000714000000, 0x0000000714100000|  0%| F|  |TAMS 0x0000000714000000, 0x0000000714000000| Untracked 
| 243|0x0000000714100000, 0x0000000714100000, 0x0000000714200000|  0%| F|  |TAMS 0x0000000714100000, 0x0000000714100000| Untracked 
| 244|0x0000000714200000, 0x0000000714200000, 0x0000000714300000|  0%| F|  |TAMS 0x0000000714200000, 0x0000000714200000| Untracked 
| 245|0x0000000714300000, 0x0000000714300000, 0x0000000714400000|  0%| F|  |TAMS 0x0000000714300000, 0x0000000714300000| Untracked 
| 246|0x0000000714400000, 0x0000000714400000, 0x0000000714500000|  0%| F|  |TAMS 0x0000000714400000, 0x0000000714400000| Untracked 
| 247|0x0000000714500000, 0x0000000714500000, 0x0000000714600000|  0%| F|  |TAMS 0x0000000714500000, 0x0000000714500000| Untracked 
| 248|0x0000000714600000, 0x0000000714600000, 0x0000000714700000|  0%| F|  |TAMS 0x0000000714600000, 0x0000000714600000| Untracked 
| 249|0x0000000714700000, 0x0000000714800000, 0x0000000714800000|100%| E|  |TAMS 0x0000000714700000, 0x0000000714700000| Complete 
| 250|0x0000000714800000, 0x0000000714900000, 0x0000000714900000|100%| E|CS|TAMS 0x0000000714800000, 0x0000000714800000| Complete 
| 251|0x0000000714900000, 0x0000000714a00000, 0x0000000714a00000|100%| E|CS|TAMS 0x0000000714900000, 0x0000000714900000| Complete 

Card table byte_map: [0x000001bc54430000,0x000001bc54c10000] _byte_map_base: 0x000001bc50c09000

Marking Bits (Prev, Next): (CMBitMap*) 0x000001bc3bcaaf38, (CMBitMap*) 0x000001bc3bcaaf70
 Prev Bits: [0x000001bc553f0000, 0x000001bc592b8000)
 Next Bits: [0x000001bc592c0000, 0x000001bc5d188000)

Polling page: 0x000001bc39bd0000

Metaspace:

Usage:
  Non-class:      7.75 MB capacity,     7.65 MB ( 99%) used,    97.73 KB (  1%) free+waste,     6.75 KB ( <1%) overhead. 
      Class:    775.00 KB capacity,   716.97 KB ( 93%) used,    55.34 KB (  7%) free+waste,     2.69 KB ( <1%) overhead. 
       Both:      8.51 MB capacity,     8.35 MB ( 98%) used,   153.07 KB (  2%) free+waste,     9.44 KB ( <1%) overhead. 

Virtual space:
  Non-class space:        8.00 MB reserved,       8.00 MB (100%) committed 
      Class space:        1.00 GB reserved,     896.00 KB ( <1%) committed 
             Both:        1.01 GB reserved,       8.88 MB ( <1%) committed 

Chunk freelists:
   Non-Class:  59.00 KB
       Class:  25.00 KB
        Both:  84.00 KB

MaxMetaspaceSize: 17179869184.00 GB
CompressedClassSpaceSize: 1.00 GB
Initial GC threshold: 20.80 MB
Current GC threshold: 20.80 MB
CDS: off

CodeHeap 'non-profiled nmethods': size=119168Kb used=489Kb max_used=489Kb free=118678Kb
 bounds [0x000001bc4bf60000, 0x000001bc4c1d0000, 0x000001bc533c0000]
CodeHeap 'profiled nmethods': size=119168Kb used=1244Kb max_used=1244Kb free=117924Kb
 bounds [0x000001bc44b00000, 0x000001bc44d70000, 0x000001bc4bf60000]
CodeHeap 'non-nmethods': size=7424Kb used=2270Kb max_used=2314Kb free=5153Kb
 bounds [0x000001bc443c0000, 0x000001bc44630000, 0x000001bc44b00000]
 total_blobs=1134 nmethods=731 adapters=314
 compilation: enabled
              stopped_count=0, restarted_count=0
 full_count=0

Compilation events (20 events):
Event: 0.824 Thread 0x000001bc60e5c800 nmethod 716 0x000001bc44c27f90 code [0x000001bc44c28260, 0x000001bc44c29548]
Event: 0.824 Thread 0x000001bc6107c800 nmethod 722 0x000001bc44c29f10 code [0x000001bc44c2a0e0, 0x000001bc44c2a3b8]
Event: 0.825 Thread 0x000001bc6107c800  725       3       java.util.WeakHashMap::get (77 bytes)
Event: 0.825 Thread 0x000001bc60e5c800  723       3       java.lang.Class::asSubclass (22 bytes)
Event: 0.826 Thread 0x000001bc60e5c800 nmethod 723 0x000001bc44c2a590 code [0x000001bc44c2a780, 0x000001bc44c2aa08]
Event: 0.826 Thread 0x000001bc60e5c800  724  s    3       org.bytedeco.javacpp.Loader::putMemberOffset (43 bytes)
Event: 0.827 Thread 0x000001bc6107c800 nmethod 725 0x000001bc44c2ab10 code [0x000001bc44c2ad40, 0x000001bc44c2b568]
Event: 0.827 Thread 0x000001bc6107c800  726       3       java.util.jar.JarFile::maybeInstantiateVerifier (112 bytes)
Event: 0.828 Thread 0x000001bc623ca800  728       4       java.util.HashMap::getNode (148 bytes)
Event: 0.829 Thread 0x000001bc60e5c800 nmethod 724 0x000001bc44c2b890 code [0x000001bc44c2bac0, 0x000001bc44c2c468]
Event: 0.829 Thread 0x000001bc60e5c800  727       3       java.util.ArrayList::newCapacity (65 bytes)
Event: 0.833 Thread 0x000001bc60bfe800 nmethod 721 0x000001bc44c2c790 code [0x000001bc44c2cc60, 0x000001bc44c2f2a8]
Event: 0.833 Thread 0x000001bc60e5c800 nmethod 727 0x000001bc44c30290 code [0x000001bc44c304a0, 0x000001bc44c30a38]
Event: 0.833 Thread 0x000001bc60e5c800  729       3       java.lang.String::substring (68 bytes)
Event: 0.833 Thread 0x000001bc60bfe800  730   !   3       jdk.internal.loader.BuiltinClassLoader::loadClassOrNull (143 bytes)
Event: 0.834 Thread 0x000001bc6107c800 nmethod 726 0x000001bc44c30c10 code [0x000001bc44c30f60, 0x000001bc44c32178]
Event: 0.834 Thread 0x000001bc60bfb800  735       4       java.lang.StringBuilder::<init> (7 bytes)
Event: 0.834 Thread 0x000001bc6107c800  731       3       java.lang.ClassLoader::getClassLoadingLock (35 bytes)
Event: 0.835 Thread 0x000001bc60e7e000 nmethod 561 0x000001bc4bfc8a90 code [0x000001bc4bfc8f20, 0x000001bc4bfcdee8]
Event: 0.836 Thread 0x000001bc60e5c800 nmethod 729 0x000001bc44c32890 code [0x000001bc44c32ae0, 0x000001bc44c33238]

GC Heap History (2 events):
Event: 0.658 GC heap before
{Heap before GC invocations=0 (full 0):
 garbage-first heap   total 258048K, used 24576K [0x0000000704e00000, 0x0000000800000000)
  region size 1024K, 24 young (24576K), 0 survivors (0K)
 Metaspace       used 7245K, capacity 7428K, committed 7680K, reserved 1056768K
  class space    used 594K, capacity 644K, committed 768K, reserved 1048576K
}
Event: 0.661 GC heap after
{Heap after GC invocations=1 (full 0):
 garbage-first heap   total 258048K, used 977K [0x0000000704e00000, 0x0000000800000000)
  region size 1024K, 1 young (1024K), 1 survivors (1024K)
 Metaspace       used 7245K, capacity 7428K, committed 7680K, reserved 1056768K
  class space    used 594K, capacity 644K, committed 768K, reserved 1048576K
}

Deoptimization events (20 events):
Event: 0.671 Thread 0x000001bc3bc46000 DEOPT PACKING pc=0x000001bc4bfa78e0 sp=0x0000006f9f3fd600
Event: 0.671 Thread 0x000001bc3bc46000 DEOPT UNPACKING pc=0x000001bc4440a1af sp=0x0000006f9f3fd590 mode 2
Event: 0.705 Thread 0x000001bc3bc46000 Uncommon trap: trap_request=0xffffff4d fr.pc=0x000001bc4bfb4680 relative=0x00000000000004a0
Event: 0.705 Thread 0x000001bc3bc46000 Uncommon trap: reason=unstable_if action=reinterpret pc=0x000001bc4bfb4680 method=java.lang.StringLatin1.regionMatchesCI([BI[BII)Z @ 42 c2
Event: 0.705 Thread 0x000001bc3bc46000 DEOPT PACKING pc=0x000001bc4bfb4680 sp=0x0000006f9f3fe110
Event: 0.706 Thread 0x000001bc3bc46000 DEOPT UNPACKING pc=0x000001bc4440a1af sp=0x0000006f9f3fe010 mode 2
Event: 0.728 Thread 0x000001bc3bc46000 Uncommon trap: trap_request=0xffffff4d fr.pc=0x000001bc4bf8cfd8 relative=0x0000000000000318
Event: 0.728 Thread 0x000001bc3bc46000 Uncommon trap: reason=unstable_if action=reinterpret pc=0x000001bc4bf8cfd8 method=java.lang.String.<init>([CIILjava/lang/Void;)V @ 5 c2
Event: 0.728 Thread 0x000001bc3bc46000 DEOPT PACKING pc=0x000001bc4bf8cfd8 sp=0x0000006f9f3fac90
Event: 0.728 Thread 0x000001bc3bc46000 DEOPT UNPACKING pc=0x000001bc4440a1af sp=0x0000006f9f3fac78 mode 2
Event: 0.796 Thread 0x000001bc3bc46000 Uncommon trap: trap_request=0xffffffde fr.pc=0x000001bc4bf82d70 relative=0x00000000000001b0
Event: 0.796 Thread 0x000001bc3bc46000 Uncommon trap: reason=class_check action=maybe_recompile pc=0x000001bc4bf82d70 method=java.nio.Buffer.<init>(IIII)V @ 33 c2
Event: 0.796 Thread 0x000001bc3bc46000 DEOPT PACKING pc=0x000001bc4bf82d70 sp=0x0000006f9f3fcf40
Event: 0.796 Thread 0x000001bc3bc46000 DEOPT UNPACKING pc=0x000001bc4440a1af sp=0x0000006f9f3fcea8 mode 2
Event: 0.812 Thread 0x000001bc3bc46000 DEOPT PACKING pc=0x000001bc44bf8bf8 sp=0x0000006f9f3fc8a0
Event: 0.812 Thread 0x000001bc3bc46000 DEOPT UNPACKING pc=0x000001bc4440a95e sp=0x0000006f9f3fbda8 mode 0
Event: 0.828 Thread 0x000001bc3bc46000 Uncommon trap: trap_request=0xffffff4d fr.pc=0x000001bc4bfbe1dc relative=0x00000000000029bc
Event: 0.829 Thread 0x000001bc3bc46000 Uncommon trap: reason=unstable_if action=reinterpret pc=0x000001bc4bfbe1dc method=java.net.URLStreamHandler.parseURL(Ljava/net/URL;Ljava/lang/String;II)V @ 143 c2
Event: 0.829 Thread 0x000001bc3bc46000 DEOPT PACKING pc=0x000001bc4bfbe1dc sp=0x0000006f9f3fd810
Event: 0.829 Thread 0x000001bc3bc46000 DEOPT UNPACKING pc=0x000001bc4440a1af sp=0x0000006f9f3fd7b0 mode 2

Classes redefined (0 events):
No events

Internal exceptions (7 events):
Event: 0.111 Thread 0x000001bc3bc46000 Exception <a 'java/security/PrivilegedActionException'{0x000000071482c8f0}> (0x000000071482c8f0) thrown at [s\src\hotspot\share\prims\jvm.cpp, line 1306]
Event: 0.111 Thread 0x000001bc3bc46000 Exception <a 'java/security/PrivilegedActionException'{0x000000071482cbc0}> (0x000000071482cbc0) thrown at [s\src\hotspot\share\prims\jvm.cpp, line 1306]
Event: 0.176 Thread 0x000001bc3bc46000 Exception <a 'java/lang/NoSuchMethodError'{0x00000007148eaa60}: 'int java.lang.invoke.DirectMethodHandle$Holder.invokeStaticInit(java.lang.Object, java.lang.Object, java.lang.Object, java.lang.Object)'> (0x00000007148eaa60) thrown at [s\src\hotspot\share\interpreter\linkResolver.cpp, line 773]
Event: 0.179 Thread 0x000001bc3bc46000 Exception <a 'java/lang/IncompatibleClassChangeError'{0x00000007148f5310}: Found class java.lang.Object, but interface was expected> (0x00000007148f5310) thrown at [s\src\hotspot\share\interpreter\linkResolver.cpp, line 839]
Event: 0.180 Thread 0x000001bc3bc46000 Exception <a 'java/lang/NoSuchMethodError'{0x00000007148f85d0}: 'void java.lang.invoke.DirectMethodHandle$Holder.invokeStaticInit(java.lang.Object, java.lang.Object)'> (0x00000007148f85d0) thrown at [s\src\hotspot\share\interpreter\linkResolver.cpp, line 773]
Event: 0.181 Thread 0x000001bc3bc46000 Exception <a 'java/lang/NoSuchMethodError'{0x00000007148fe6a8}: 'int java.lang.invoke.DirectMethodHandle$Holder.invokeStaticInit(java.lang.Object, java.lang.Object)'> (0x00000007148fe6a8) thrown at [s\src\hotspot\share\interpreter\linkResolver.cpp, line 773]
Event: 0.772 Thread 0x000001bc3bc46000 Exception <a 'java/lang/NoSuchMethodError'{0x000000071483da70}: 'java.lang.Object java.lang.invoke.DirectMethodHandle$Holder.invokeStatic(java.lang.Object, int, java.lang.Object)'> (0x000000071483da70) thrown at [s\src\hotspot\share\interpreter\linkResolver.cpp, line 773]

Events (20 events):
Event: 0.820 loading class com/raylib/Raylib$Camera2D
Event: 0.820 loading class com/raylib/Raylib$Camera2D done
Event: 0.821 loading class com/raylib/Raylib$Camera3D
Event: 0.821 loading class com/raylib/Raylib$Camera3D done
Event: 0.822 loading class com/raylib/Raylib$Font
Event: 0.822 loading class com/raylib/Raylib$Font done
Event: 0.823 loading class com/raylib/Raylib$Rectangle
Event: 0.823 loading class com/raylib/Raylib$Rectangle done
Event: 0.824 loading class com/raylib/Raylib$GlyphInfo
Event: 0.824 loading class com/raylib/Raylib$GlyphInfo done
Event: 0.824 loading class com/raylib/Raylib$Image
Event: 0.824 loading class com/raylib/Raylib$Image done
Event: 0.825 loading class com/raylib/Raylib$NPatchInfo
Event: 0.825 loading class com/raylib/Raylib$NPatchInfo done
Event: 0.826 loading class com/raylib/Raylib$RenderTexture
Event: 0.826 loading class com/raylib/Raylib$RenderTexture done
Event: 0.831 loading class org/bytedeco/javacpp/PointerScope
Event: 0.831 loading class org/bytedeco/javacpp/PointerScope done
Event: 0.834 loading class org/bytedeco/javacpp/PointerScope$1
Event: 0.834 loading class org/bytedeco/javacpp/PointerScope$1 done


Dynamic libraries:
0x00007ff729540000 - 0x00007ff72954d000 	C:\Users\dn328420\.jdks\corretto-11.0.20.1\bin\java.exe
0x00007ffe0f390000 - 0x00007ffe0f5a7000 	C:\Windows\SYSTEM32\ntdll.dll
0x00007ffe0e490000 - 0x00007ffe0e554000 	C:\Windows\System32\KERNEL32.DLL
0x00007ffe0cd40000 - 0x00007ffe0d0e6000 	C:\Windows\System32\KERNELBASE.dll
0x00007ffe0cae0000 - 0x00007ffe0cbf1000 	C:\Windows\System32\ucrtbase.dll
0x00007ffdf4ba0000 - 0x00007ffdf4bb9000 	C:\Users\dn328420\.jdks\corretto-11.0.20.1\bin\VCRUNTIME140.dll
0x00007ffdf37a0000 - 0x00007ffdf37b7000 	C:\Users\dn328420\.jdks\corretto-11.0.20.1\bin\jli.dll
0x00007ffe0e010000 - 0x00007ffe0e1bd000 	C:\Windows\System32\USER32.dll
0x00007ffe0cab0000 - 0x00007ffe0cad6000 	C:\Windows\System32\win32u.dll
0x00007ffe0bb70000 - 0x00007ffe0be03000 	C:\Windows\WinSxS\amd64_microsoft.windows.common-controls_6595b64144ccf1df_6.0.22621.2361_none_2712ced57382f843\COMCTL32.dll
0x00007ffe0e240000 - 0x00007ffe0e269000 	C:\Windows\System32\GDI32.dll
0x00007ffe0d520000 - 0x00007ffe0d5c7000 	C:\Windows\System32\msvcrt.dll
0x00007ffe0c880000 - 0x00007ffe0c998000 	C:\Windows\System32\gdi32full.dll
0x00007ffe0ca10000 - 0x00007ffe0caaa000 	C:\Windows\System32\msvcp_win.dll
0x00007ffe0d680000 - 0x00007ffe0d6b1000 	C:\Windows\System32\IMM32.DLL
0x00007ffdcb6c0000 - 0x00007ffdcb75b000 	C:\Users\dn328420\.jdks\corretto-11.0.20.1\bin\msvcp140.dll
0x00007ffd6a290000 - 0x00007ffd6ae1b000 	C:\Users\dn328420\.jdks\corretto-11.0.20.1\bin\server\jvm.dll
0x00007ffe0e3e0000 - 0x00007ffe0e490000 	C:\Windows\System32\ADVAPI32.dll
0x00007ffe0f0c0000 - 0x00007ffe0f166000 	C:\Windows\System32\sechost.dll
0x00007ffe0e980000 - 0x00007ffe0ea97000 	C:\Windows\System32\RPCRT4.dll
0x00007ffe0d5d0000 - 0x00007ffe0d5d8000 	C:\Windows\System32\PSAPI.DLL
0x00007ffe02d60000 - 0x00007ffe02d94000 	C:\Windows\SYSTEM32\WINMM.dll
0x00007ffdf6660000 - 0x00007ffdf6669000 	C:\Windows\SYSTEM32\WSOCK32.dll
0x00007ffe0e1c0000 - 0x00007ffe0e231000 	C:\Windows\System32\WS2_32.dll
0x00007ffe0aef0000 - 0x00007ffe0aefa000 	C:\Windows\SYSTEM32\VERSION.dll
0x00007ffe0a6a0000 - 0x00007ffe0a6b8000 	C:\Windows\SYSTEM32\kernel.appcore.dll
0x00007ffdf6290000 - 0x00007ffdf62a0000 	C:\Users\dn328420\.jdks\corretto-11.0.20.1\bin\verify.dll
0x00007ffe0c010000 - 0x00007ffe0c23e000 	C:\Windows\SYSTEM32\DBGHELP.DLL
0x00007ffe0d190000 - 0x00007ffe0d51a000 	C:\Windows\System32\combase.dll
0x00007ffe0f170000 - 0x00007ffe0f247000 	C:\Windows\System32\OLEAUT32.dll
0x00007ffe0be40000 - 0x00007ffe0be72000 	C:\Windows\SYSTEM32\dbgcore.DLL
0x00007ffe0ccc0000 - 0x00007ffe0cd3a000 	C:\Windows\System32\bcryptPrimitives.dll
0x00007ffdf34b0000 - 0x00007ffdf34d8000 	C:\Users\dn328420\.jdks\corretto-11.0.20.1\bin\java.dll
0x00007ffdf60b0000 - 0x00007ffdf60ba000 	C:\Users\dn328420\.jdks\corretto-11.0.20.1\bin\jimage.dll
0x00007ffdf1fd0000 - 0x00007ffdf1fe8000 	C:\Users\dn328420\.jdks\corretto-11.0.20.1\bin\zip.dll
0x00007ffe0d720000 - 0x00007ffe0df78000 	C:\Windows\System32\SHELL32.dll
0x00007ffe09440000 - 0x00007ffe09d32000 	C:\Windows\SYSTEM32\windows.storage.dll
0x00007ffe09300000 - 0x00007ffe0943e000 	C:\Windows\SYSTEM32\wintypes.dll
0x00007ffe0f250000 - 0x00007ffe0f343000 	C:\Windows\System32\SHCORE.dll
0x00007ffe0e5b0000 - 0x00007ffe0e60e000 	C:\Windows\System32\shlwapi.dll
0x00007ffe0c640000 - 0x00007ffe0c666000 	C:\Windows\SYSTEM32\profapi.dll
0x00007ffdf0480000 - 0x00007ffdf0499000 	C:\Users\dn328420\.jdks\corretto-11.0.20.1\bin\net.dll
0x00007ffe0a720000 - 0x00007ffe0a857000 	C:\Windows\SYSTEM32\WINHTTP.dll
0x00007ffe0ac20000 - 0x00007ffe0ac89000 	C:\Windows\system32\mswsock.dll
0x00007ffdedfd0000 - 0x00007ffdedfe3000 	C:\Users\dn328420\.jdks\corretto-11.0.20.1\bin\nio.dll
0x000001bc39c10000 - 0x000001bc39c13000 	C:\Users\dn328420\.jdks\corretto-11.0.20.1\bin\api-ms-win-crt-locale-l1-1-0.dll
0x000001bc39c20000 - 0x000001bc39c24000 	C:\Users\dn328420\.jdks\corretto-11.0.20.1\bin\api-ms-win-crt-string-l1-1-0.dll
0x000001bc39c30000 - 0x000001bc39c34000 	C:\Users\dn328420\.jdks\corretto-11.0.20.1\bin\api-ms-win-crt-stdio-l1-1-0.dll
0x000001bc39c40000 - 0x000001bc39c45000 	C:\Users\dn328420\.jdks\corretto-11.0.20.1\bin\api-ms-win-crt-math-l1-1-0.dll
0x000001bc39c50000 - 0x000001bc39c53000 	C:\Users\dn328420\.jdks\corretto-11.0.20.1\bin\api-ms-win-crt-heap-l1-1-0.dll
0x000001bc39c60000 - 0x000001bc39c64000 	C:\Users\dn328420\.jdks\corretto-11.0.20.1\bin\api-ms-win-crt-runtime-l1-1-0.dll
0x000001bc3bb50000 - 0x000001bc3bb54000 	C:\Users\dn328420\.jdks\corretto-11.0.20.1\bin\api-ms-win-crt-convert-l1-1-0.dll
0x000001bc3bb60000 - 0x000001bc3bb63000 	C:\Users\dn328420\.jdks\corretto-11.0.20.1\bin\api-ms-win-crt-environment-l1-1-0.dll
0x000001bc3bb70000 - 0x000001bc3bb73000 	C:\Users\dn328420\.jdks\corretto-11.0.20.1\bin\api-ms-win-crt-time-l1-1-0.dll
0x000001bc3bb80000 - 0x000001bc3bb83000 	C:\Users\dn328420\.jdks\corretto-11.0.20.1\bin\api-ms-win-crt-filesystem-l1-1-0.dll
0x000001bc3bb90000 - 0x000001bc3bb93000 	C:\Users\dn328420\.jdks\corretto-11.0.20.1\bin\api-ms-win-crt-utility-l1-1-0.dll
0x000001bc3bba0000 - 0x000001bc3bba5000 	C:\Users\dn328420\.jdks\corretto-11.0.20.1\bin\api-ms-win-crt-multibyte-l1-1-0.dll
0x000001bc3bbb0000 - 0x000001bc3bbb3000 	C:\Users\dn328420\.jdks\corretto-11.0.20.1\bin\api-ms-win-crt-conio-l1-1-0.dll
0x000001bc3bbc0000 - 0x000001bc3bbd0000 	C:\Users\dn328420\.jdks\corretto-11.0.20.1\bin\api-ms-win-crt-private-l1-1-0.dll
0x000001bc3bbd0000 - 0x000001bc3bbd3000 	C:\Users\dn328420\.jdks\corretto-11.0.20.1\bin\api-ms-win-crt-process-l1-1-0.dll
0x000001bc3bbe0000 - 0x000001bc3bbe3000 	C:\Users\dn328420\.jdks\corretto-11.0.20.1\bin\api-ms-win-core-console-l1-2-0.dll
0x000001bc3bbf0000 - 0x000001bc3bbf3000 	C:\Users\dn328420\.jdks\corretto-11.0.20.1\bin\api-ms-win-core-string-l1-1-0.dll
0x000001bc3bc00000 - 0x000001bc3bc03000 	C:\Users\dn328420\.jdks\corretto-11.0.20.1\bin\api-ms-win-core-errorhandling-l1-1-0.dll
0x000001bc3bc10000 - 0x000001bc3bc13000 	C:\Users\dn328420\.jdks\corretto-11.0.20.1\bin\api-ms-win-core-timezone-l1-1-0.dll
0x000001bc627d0000 - 0x000001bc627d4000 	C:\Users\dn328420\.jdks\corretto-11.0.20.1\bin\api-ms-win-core-file-l1-1-0.dll
0x000001bc627e0000 - 0x000001bc627e3000 	C:\Users\dn328420\.jdks\corretto-11.0.20.1\bin\api-ms-win-core-namedpipe-l1-1-0.dll
0x000001bc627f0000 - 0x000001bc627f3000 	C:\Users\dn328420\.jdks\corretto-11.0.20.1\bin\api-ms-win-core-handle-l1-1-0.dll
0x000001bc62800000 - 0x000001bc62803000 	C:\Users\dn328420\.jdks\corretto-11.0.20.1\bin\api-ms-win-core-file-l2-1-0.dll
0x000001bc62810000 - 0x000001bc62813000 	C:\Users\dn328420\.jdks\corretto-11.0.20.1\bin\api-ms-win-core-heap-l1-1-0.dll
0x000001bc62820000 - 0x000001bc62823000 	C:\Users\dn328420\.jdks\corretto-11.0.20.1\bin\api-ms-win-core-libraryloader-l1-1-0.dll
0x000001bc62830000 - 0x000001bc62833000 	C:\Users\dn328420\.jdks\corretto-11.0.20.1\bin\api-ms-win-core-synch-l1-1-0.dll
0x000001bc62840000 - 0x000001bc62843000 	C:\Users\dn328420\.jdks\corretto-11.0.20.1\bin\api-ms-win-core-processthreads-l1-1-0.dll
0x000001bc62850000 - 0x000001bc62853000 	C:\Users\dn328420\.jdks\corretto-11.0.20.1\bin\api-ms-win-core-processenvironment-l1-1-0.dll
0x000001bc62860000 - 0x000001bc62863000 	C:\Users\dn328420\.jdks\corretto-11.0.20.1\bin\api-ms-win-core-datetime-l1-1-0.dll
0x000001bc62870000 - 0x000001bc62873000 	C:\Users\dn328420\.jdks\corretto-11.0.20.1\bin\api-ms-win-core-localization-l1-2-0.dll
0x000001bc62880000 - 0x000001bc62883000 	C:\Users\dn328420\.jdks\corretto-11.0.20.1\bin\api-ms-win-core-sysinfo-l1-1-0.dll
0x000001bc62890000 - 0x000001bc62893000 	C:\Users\dn328420\.jdks\corretto-11.0.20.1\bin\api-ms-win-core-synch-l1-2-0.dll
0x000001bc628a0000 - 0x000001bc628a3000 	C:\Users\dn328420\.jdks\corretto-11.0.20.1\bin\api-ms-win-core-console-l1-1-0.dll
0x000001bc628b0000 - 0x000001bc628b3000 	C:\Users\dn328420\.jdks\corretto-11.0.20.1\bin\api-ms-win-core-debug-l1-1-0.dll
0x000001bc628c0000 - 0x000001bc628c3000 	C:\Users\dn328420\.jdks\corretto-11.0.20.1\bin\api-ms-win-core-rtlsupport-l1-1-0.dll
0x000001bc628d0000 - 0x000001bc628d3000 	C:\Users\dn328420\.jdks\corretto-11.0.20.1\bin\api-ms-win-core-processthreads-l1-1-1.dll
0x000001bc638b0000 - 0x000001bc638b3000 	C:\Users\dn328420\.jdks\corretto-11.0.20.1\bin\api-ms-win-core-file-l1-2-0.dll
0x000001bc638c0000 - 0x000001bc638c3000 	C:\Users\dn328420\.jdks\corretto-11.0.20.1\bin\api-ms-win-core-profile-l1-1-0.dll
0x000001bc638d0000 - 0x000001bc638d3000 	C:\Users\dn328420\.jdks\corretto-11.0.20.1\bin\api-ms-win-core-memory-l1-1-0.dll
0x000001bc638e0000 - 0x000001bc638e3000 	C:\Users\dn328420\.jdks\corretto-11.0.20.1\bin\api-ms-win-core-util-l1-1-0.dll
0x000001bc638f0000 - 0x000001bc638f3000 	C:\Users\dn328420\.jdks\corretto-11.0.20.1\bin\api-ms-win-core-interlocked-l1-1-0.dll
0x00007ffdd5b90000 - 0x00007ffdd5c8c000 	C:\Users\dn328420\.jdks\corretto-11.0.20.1\bin\ucrtbase.dll
0x00007ffe0bf00000 - 0x00007ffe0bf0c000 	C:\Windows\System32\vcruntime140_1.dll
0x00007ffdf5d50000 - 0x00007ffdf5d59000 	C:\Windows\System32\msvcp140_1.dll
0x00007ffdf3460000 - 0x00007ffdf34ae000 	C:\Windows\System32\concrt140.dll
0x00007ffdf2510000 - 0x00007ffdf2541000 	C:\Windows\System32\vcomp140.dll
0x00007ffdd8b80000 - 0x00007ffdd8c80000 	C:\Windows\System32\opengl32.dll
0x00007ffdf4990000 - 0x00007ffdf49bd000 	C:\Windows\SYSTEM32\GLU32.dll
0x00007ffe089b0000 - 0x00007ffe089e6000 	C:\Windows\SYSTEM32\dxcore.dll
0x00007ffdb9c50000 - 0x00007ffdb9e6d000 	C:\Users\dn328420\.javacpp\cache\jaylib-4.5.0-0.jar\com\raylib\windows-x86_64\jniRaylib.dll

dbghelp: loaded successfully - version: 4.0.5 - missing functions: none
symbol engine: initialized successfully - sym options: 0x614 - pdb path: .;C:\Users\dn328420\.jdks\corretto-11.0.20.1\bin;C:\Windows\SYSTEM32;C:\Windows\WinSxS\amd64_microsoft.windows.common-controls_6595b64144ccf1df_6.0.22621.2361_none_2712ced57382f843;C:\Users\dn328420\.jdks\corretto-11.0.20.1\bin\server;C:\Users\dn328420\.javacpp\cache\jaylib-4.5.0-0.jar\com\raylib\windows-x86_64

VM Arguments:
jvm_args: -Dfile.encoding=windows-1252 -Duser.country=CA -Duser.language=en -Duser.variant 
java_command: Main
java_class_path (initial): C:\Users\dn328420\Downloads\jaylib-example-project\build\classes\java\main;C:\Users\dn328420\Downloads\jaylib-example-project\build\resources\main;C:\Users\dn328420\.gradle\caches\modules-2\files-2.1\uk.co.electronstudio.jaylib\jaylib\4.5.0-0\90c0d608df9bbd32f5f34683acc58cb433e94508\jaylib-4.5.0-0.jar
Launcher Type: SUN_STANDARD

[Global flags]
     intx CICompilerCount                          = 12                                        {product} {ergonomic}
     uint ConcGCThreads                            = 3                                         {product} {ergonomic}
     uint G1ConcRefinementThreads                  = 13                                        {product} {ergonomic}
   size_t G1HeapRegionSize                         = 1048576                                   {product} {ergonomic}
    uintx GCDrainStackTargetSize                   = 64                                        {product} {ergonomic}
   size_t InitialHeapSize                          = 264241152                                 {product} {ergonomic}
   size_t MarkStackSize                            = 4194304                                   {product} {ergonomic}
   size_t MaxHeapSize                              = 4213178368                                {product} {ergonomic}
   size_t MaxNewSize                               = 2527068160                                {product} {ergonomic}
   size_t MinHeapDeltaBytes                        = 1048576                                   {product} {ergonomic}
    uintx NonNMethodCodeHeapSize                   = 7594288                                {pd product} {ergonomic}
    uintx NonProfiledCodeHeapSize                  = 122031976                              {pd product} {ergonomic}
    uintx ProfiledCodeHeapSize                     = 122031976                              {pd product} {ergonomic}
    uintx ReservedCodeCacheSize                    = 251658240                              {pd product} {ergonomic}
     bool SegmentedCodeCache                       = true                                      {product} {ergonomic}
     bool UseCompressedClassPointers               = true                                 {lp64_product} {ergonomic}
     bool UseCompressedOops                        = true                                 {lp64_product} {ergonomic}
     bool UseG1GC                                  = true                                      {product} {ergonomic}
     bool UseLargePagesIndividualAllocation        = false                                  {pd product} {ergonomic}

Logging:
Log output configuration:
 #0: stdout all=warning uptime,level,tags
 #1: stderr all=off uptime,level,tags

Environment Variables:
PATH=C:\Windows\system32;C:\Windows;C:\Windows\System32\Wbem;C:\Windows\System32\WindowsPowerShell\v1.0\;C:\Windows\System32\OpenSSH\;C:\Program Files\dotnet\;C:\Program Files (x86)\Windows Kits\10\Windows Performance Toolkit\;C:\Program Files\Git\cmd;C:\Users\dn328420\AppData\Local\Microsoft\WindowsApps;C:\Users\dn328420\AppData\Local\Programs\Microsoft VS Code\bin;C:\Users\dn328420\Desktop\Code\minGW\ucrt64\bin;
USERNAME=dn328420
OS=Windows_NT
PROCESSOR_IDENTIFIER=Intel64 Family 6 Model 186 Stepping 2, GenuineIntel
TMP=C:\Users\dn328420\AppData\Local\Temp
TEMP=C:\Users\dn328420\AppData\Local\Temp



---------------  S Y S T E M  ---------------

OS: Windows 11 , 64 bit Build 22621 (10.0.22621.2428)
OS uptime: 40 days 4:54 hours
Hyper-V role detected

CPU:total 16 (initial active 16) (8 cores per cpu, 2 threads per core) family 6 model 186 stepping 2 microcode 0x410e, cmov, cx8, fxsr, mmx, sse, sse2, sse3, ssse3, sse4.1, sse4.2, popcnt, avx, avx2, aes, clmul, erms, 3dnowpref, lzcnt, ht, tsc, tscinvbit, bmi1, bmi2, adx, sha, fma

Memory: 4k page, system-wide physical 16068M (4402M free)
TotalPageFile size 19539M (AvailPageFile size 2652M)
current process WorkingSet (physical memory assigned to process): 135M, peak: 139M
current process commit charge ("private bytes"): 421M, peak: 421M

vm_info: OpenJDK 64-Bit Server VM (11.0.20.1+9-LTS) for windows-amd64 JRE (11.0.20.1+9-LTS), built on Aug 19 2023 03:46:24 by "Administrator" with MS VC++ 15.9 (VS2017)

END.
